#
# A fatal error has been detected by the Java Runtime Environment:
#
#  EXCEPTION_ACCESS_VIOLATION (0xc0000005) at pc=0x0000019614f34dc8, pid=12628, tid=11396
#
# JRE version: Java(TM) SE Runtime Environment (22.0.2+9) (build 22.0.2+9-70)
# Java VM: Java HotSpot(TM) 64-Bit Server VM (22.0.2+9-70, mixed mode, sharing, tiered, compressed oops, compressed class ptrs, g1 gc, windows-amd64)
# Problematic frame:
# j  java.lang.invoke.DirectMethodHandle$Holder.newInvokeSpecial(Ljava/lang/Object;)Ljava/lang/Object;+15 java.base@22.0.2
#
# No core dump will be written. Minidumps are not enabled by default on client versions of Windows
#
# If you would like to submit a bug report, please visit:
#   https://bugreport.java.com/bugreport/crash.jsp
#

---------------  S U M M A R Y ------------

Command Line: -XX:+ShowCodeDetailsInExceptionMessages -agentlib:jdwp=transport=dt_socket,suspend=y,address=localhost:56537 -javaagent:C:\Users\Administrator\eclipse\jee-2024-06\eclipse\configuration\org.eclipse.osgi\448\0\.cp\lib\javaagent-shaded.jar -Dfile.encoding=UTF-8 -Dstdout.encoding=UTF-8 -Dstderr.encoding=UTF-8 com.OrderServiceApplication

Host: Intel(R) Xeon(R) CPU E5-2695 v4 @ 2.10GHz, 4 cores, 15G,  Windows 10 , 64 bit Build 19041 (10.0.19041.3636)
Time: Wed Oct  2 22:23:49 2024 India Standard Time elapsed time: 2870.820538 seconds (0d 0h 47m 50s)

---------------  T H R E A D  ---------------

Current thread (0x000001966a8a6b60):  JavaThread "restartedMain"        [_thread_in_Java, id=11396, stack(0x0000003ef4900000,0x0000003ef4a00000) (1024K)]

Stack: [0x0000003ef4900000,0x0000003ef4a00000],  sp=0x0000003ef49fda90,  free space=1014k
Native frames: (J=compiled Java code, j=interpreted, Vv=VM code, C=native code)
C  0x0000019614f34dc8  (no source info available)

The last pc belongs to invokestatic (printed below).

siginfo: EXCEPTION_ACCESS_VIOLATION (0xc0000005), reading address 0xffffffffffffffff


Registers:
RAX=0x00000196657e4748, RBX=0x000001966502c520, RCX=0x0000019624095610, RDX=0x0000000000000002
RSP=0x0000003ef49fda90, RBP=0x0000003ef49fdae8, RSI=0x000001966a496498, RDI=0x0000019672530f30
R8 =0x0000000000000004, R9 =0x0000000000000004, R10=0x00007ff91751c840, R11=0x0000019624099908
R12=0x0000000000000000, R13=0xfffffffffffffff7, R14=0x0000003ef49fdb08, R15=0x000001966a8a6b60
RIP=0x0000019614f34dc8, EFLAGS=0x0000000000010282


Register to memory mapping:

RAX=0x00000196657e4748 is pointing into metadata
RBX={method} {0x000001966502c528} 'linkToSpecial' '(Ljava/lang/Object;Ljava/lang/invoke/MemberName;)V' in 'java/lang/invoke/MethodHandle'
RCX=0x0000019624095610 is pointing into metadata
RDX=0x0000000000000002 is an unknown value
RSP=0x0000003ef49fda90 is pointing into the stack for thread: 0x000001966a8a6b60
RBP=0x0000003ef49fdae8 is pointing into the stack for thread: 0x000001966a8a6b60
RSI=0x000001966a496498 points into unknown readable memory: 0x80001b020182cd3e | 3e cd 82 01 02 1b 00 80
RDI=0x0000019672530f30 points into unknown readable memory: 0x0000001800000040 | 40 00 00 00 18 00 00 00
R8 =0x0000000000000004 is an unknown value
R9 =0x0000000000000004 is an unknown value
R10=0x00007ff91751c840 jvm.dll
R11={method} {0x0000019624099910} 'newInvokeSpecial' '(Ljava/lang/Object;)Ljava/lang/Object;' in 'java/lang/invoke/DirectMethodHandle$Holder'
R12=0x0 is null
R13=0xfffffffffffffff7 is an unknown value
R14=0x0000003ef49fdb08 is pointing into the stack for thread: 0x000001966a8a6b60
R15=0x000001966a8a6b60 is a thread

Top of Stack: (sp=0x0000003ef49fda90)
0x0000003ef49fda90:   0000019614f19214 000000070e9ecc98
0x0000003ef49fdaa0:   fffffffffffffff7 00000196246efd47
0x0000003ef49fdab0:   0000000000000004 00000196240950d0
0x0000003ef49fdac0:   00000196657e4740 00000007001ee610
0x0000003ef49fdad0:   0000019624099908 0000000000000000
0x0000003ef49fdae0:   0000003ef49fdb10 000000070e9eca08
0x0000003ef49fdaf0:   0000019615aaf665 000000070e9ecbf0
0x0000003ef49fdb00:   000000070e9ecc98 000000070e9ecc50
0x0000003ef49fdb10:   000000070e9ecc50 000000070e9ec9b0
0x0000003ef49fdb20:   0000000700a776c8 000000070e9eca08
0x0000003ef49fdb30:   0000000100000000 000000070e9eca08
0x0000003ef49fdb40:   000000070e9ecc80 000000070e9ec920
0x0000003ef49fdb50:   000000070e9ec8d8 0000000000000000
0x0000003ef49fdb60:   000000070e9ecc50 0000019600000001
0x0000003ef49fdb70:   0000019615aae994 0000019615ae27d4
0x0000003ef49fdb80:   0000000000000000 00000196156b5dbc
0x0000003ef49fdb90:   00000007038e1368 0000000000000000
0x0000003ef49fdba0:   0000000702a219a8 0000000000000000
0x0000003ef49fdbb0:   0000000700000000 000000070e9eca08
0x0000003ef49fdbc0:   0000000700a776c8 000000070e9ec9f8
0x0000003ef49fdbd0:   000000070e9ec9b0 0000000702a219a8
0x0000003ef49fdbe0:   e0418aace0142cde e004c9a400000000
0x0000003ef49fdbf0:   e01942b2e071c26d 0000000703a60f28
0x0000003ef49fdc00:   0000000703a60f28 0000000000000009
0x0000003ef49fdc10:   00000196156b51a0 000001960e35eb58
0x0000003ef49fdc20:   0000000000000000 0000019616069a65
0x0000003ef49fdc30:   0000000700ca1590 0000000700a15738
0x0000003ef49fdc40:   0000000702a8a4e8 0000019615aec7c0
0x0000003ef49fdc50:   0000000703ad29f0 0000000702a219a8
0x0000003ef49fdc60:   000000070e9bcc70 0000000702ab4020
0x0000003ef49fdc70:   000000070e9bcea0 0000000703ad29f0
0x0000003ef49fdc80:   000000070e9bcc70 00000007038e1368 

Instructions: (pc=0x0000019614f34dc8)
0x0000019614f34cc8:   ff d0 48 83 c4 20 ff e0 49 83 7f 08 00 0f 84 05
0x0000019614f34cd8:   00 00 00 e9 20 c2 fd ff 4c 8b 6d c0 4c 8b 75 c8
0x0000019614f34ce8:   4e 8d 74 f5 00 c3 48 8b 4d d0 41 0f b7 55 01 48
0x0000019614f34cf8:   8b 49 30 6b d2 18 48 8d 4c 11 08 48 8b 19 48 8b
0x0000019614f34d08:   5b 08 48 8b 5b 08 48 8b 5b 18 80 bb 20 01 00 00
0x0000019614f34d18:   05 0f 84 0d 00 00 00 4c 3b bb 30 01 00 00 0f 85
0x0000019614f34d28:   63 fe ff ff 0f b6 51 15 48 8b 19 4c 89 6d c0 44
0x0000019614f34d38:   8b ea 0f b6 51 14 49 ba 40 c8 51 17 f9 7f 00 00
0x0000019614f34d48:   49 8b 14 d2 52 41 8b d5 4c 8b 6d c0 48 8b 45 d8
0x0000019614f34d58:   48 85 c0 0f 84 12 00 00 00 48 83 40 08 01 48 83
0x0000019614f34d68:   58 08 00 48 83 c0 10 48 89 45 d8 48 8b 45 d8 48
0x0000019614f34d78:   85 c0 0f 84 3d 01 00 00 80 78 f0 0a 0f 85 33 01
0x0000019614f34d88:   00 00 48 83 c0 08 4c 8b 68 f8 41 83 ed 00 41 83
0x0000019614f34d98:   fd 02 0f 8c 12 01 00 00 4c 8b 6b 08 45 0f b7 6d
0x0000019614f34da8:   2e 4c 2b 28 41 83 ed 01 4e 8b 6c ec 08 4d 85 ed
0x0000019614f34db8:   75 0e f6 40 08 01 75 58 f0 48 83 48 08 01 eb 50
0x0000019614f34dc8:   45 8b 6d 08 49 ba 00 00 00 24 96 01 00 00 4d 03
0x0000019614f34dd8:   ea 4d 8b d5 4c 33 68 08 49 f7 c5 fc ff ff ff 74
0x0000019614f34de8:   2f 41 f6 c5 02 75 29 48 83 78 08 00 74 1e 48 83
0x0000019614f34df8:   78 08 01 74 17 4d 8b ea 4c 33 68 08 49 f7 c5 fc
0x0000019614f34e08:   ff ff ff 74 0b 48 83 48 08 02 eb 04 4c 89 68 08
0x0000019614f34e18:   48 83 c0 10 4c 8b 68 e8 41 83 ed 02 41 83 fd 02
0x0000019614f34e28:   0f 8c 84 00 00 00 4c 8b 6b 08 45 0f b7 6d 2e 4c
0x0000019614f34e38:   2b 28 41 83 ed 01 4e 8b 6c ec 08 4d 85 ed 75 0e
0x0000019614f34e48:   f6 40 08 01 75 58 f0 48 83 48 08 01 eb 50 45 8b
0x0000019614f34e58:   6d 08 49 ba 00 00 00 24 96 01 00 00 4d 03 ea 4d
0x0000019614f34e68:   8b d5 4c 33 68 08 49 f7 c5 fc ff ff ff 74 2f 41
0x0000019614f34e78:   f6 c5 02 75 29 48 83 78 08 00 74 1e 48 83 78 08
0x0000019614f34e88:   01 74 17 4d 8b ea 4c 33 68 08 49 f7 c5 fc ff ff
0x0000019614f34e98:   ff 74 0b 48 83 48 08 02 eb 04 4c 89 68 08 48 83
0x0000019614f34ea8:   c0 10 4c 8b 68 d8 41 83 ed 04 41 c1 e5 03 49 03
0x0000019614f34eb8:   c5 48 89 45 d8 4c 8d 6c 24 08 49 8b cd 48 2b cd 


Stack slot to memory mapping:

stack at sp + 0 slots: 0x0000019614f19214 is at code_begin+3476 in an Interpreter codelet
return entry points  [0x0000019614f18480, 0x0000019614f1a680]  8704 bytes
stack at sp + 1 slots: 0x000000070e9ecc98 is an oop: com.service.OrderService 
{0x000000070e9ecc98} - klass: 'com/service/OrderService'
 - ---- fields (total size 3 words):
 - public 'orderRepo' 'Lcom/repo/OrderRepo;' @12  null (0x00000000)
 - 'restTemplate' 'Lorg/springframework/web/client/RestTemplate;' @16  null (0x00000000)
 - public 'productService' 'Lcom/service/ProductService;' @20  null (0x00000000)
stack at sp + 2 slots: 0xfffffffffffffff7 is an unknown value
stack at sp + 3 slots: 0x00000196246efd47 is pointing into metadata
stack at sp + 4 slots: 0x0000000000000004 is an unknown value
stack at sp + 5 slots: 0x00000196240950d0 is pointing into metadata
stack at sp + 6 slots: 0x00000196657e4740 is pointing into metadata
stack at sp + 7 slots: 0x00000007001ee610 is an oop: java.lang.Class 
{0x00000007001ee610} - klass: 'java/lang/Class'
 - ---- fields (total size 14 words):
 - private volatile transient 'classRedefinedCount' 'I' @12  0 (0x00000000)
 - injected 'klass' 'J' @16  1744361311384 (0x0000019624094c98)
 - injected 'array_klass' 'J' @24  0 (0x0000000000000000)
 - injected 'oop_size' 'I' @32  14 (0x0000000e)
 - injected 'static_oop_field_count' 'I' @36  0 (0x00000000)
 - private volatile transient 'cachedConstructor' 'Ljava/lang/reflect/Constructor;' @40  null (0x00000000)
 - private transient 'name' 'Ljava/lang/String;' @44  null (0x00000000)
 - private transient 'module' 'Ljava/lang/Module;' @48  a 'java/lang/Module'{0x00000007006247d8} (0xe00c48fb)
 - private final 'classLoader' 'Ljava/lang/ClassLoader;' @52  null (0x00000000)
 - private transient 'classData' 'Ljava/lang/Object;' @56  null (0x00000000)
 - private transient 'packageName' 'Ljava/lang/String;' @60  null (0x00000000)
 - private final 'componentType' 'Ljava/lang/Class;' @64  null (0x00000000)
 - private volatile transient 'reflectionData' 'Ljava/lang/ref/SoftReference;' @68  null (0x00000000)
 - private volatile transient 'genericInfo' 'Lsun/reflect/generics/repository/ClassRepository;' @72  null (0x00000000)
 - private volatile transient 'enumConstants' '[Ljava/lang/Object;' @76  null (0x00000000)
 - private volatile transient 'enumConstantDirectory' 'Ljava/util/Map;' @80  null (0x00000000)
 - private volatile transient 'annotationData' 'Ljava/lang/Class$AnnotationData;' @84  null (0x00000000)
 - private volatile transient 'annotationType' 'Lsun/reflect/annotation/AnnotationType;' @88  null (0x00000000)
 - transient 'classValueMap' 'Ljava/lang/ClassValue$ClassValueMap;' @92  null (0x00000000)
 - injected 'protection_domain' 'Ljava/lang/Object;' @96  null (0x00000000)
 - injected 'signers_name' 'Ljava/lang/Object;' @100  null (0x00000000)
 - injected 'source_file' 'Ljava/lang/Object;' @104  null (0x00000000)
 - signature: Ljava/lang/invoke/DirectMethodHandle$Holder;
 - ---- static fields (0):

invokestatic  184 invokestatic  [0x0000019614f34b40, 0x0000019614f34ee0]  928 bytes
[MachCode]
  0x0000019614f34b40: 4883 ec08 | c5fa 1104 | 24eb 1f48 | 83ec 10c5 | fb11 0424 | eb14 4883 | ec10 4889 | 0424 48c7 
  0x0000019614f34b60: 4424 0800 | 0000 00eb | 0150 488b | 4dd0 410f | b755 0148 | 8b49 306b | d218 488d | 4c11 080f 
  0x0000019614f34b80: b659 1681 | fbb8 0000 | 000f 8474 | 0100 00bb | b800 0000 | e805 0000 | 00e9 5001 | 0000 488b 
  0x0000019614f34ba0: d348 8d44 | 2408 4c89 | 6dc0 498b | cfc5 f877 | 4989 afb0 | 0300 0049 | 8987 a003 | 0000 4883 
  0x0000019614f34bc0: ec20 40f6 | c40f 0f84 | 1900 0000 | 4883 ec08 | 48b8 90d1 | c716 f97f | 0000 ffd0 | 4883 c408 
  0x0000019614f34be0: e90c 0000 | 0048 b890 | d1c7 16f9 | 7f00 00ff | d048 83c4 | 2049 c787 | a003 0000 | 0000 0000 
  0x0000019614f34c00: 49c7 87b0 | 0300 0000 | 0000 0049 | c787 a803 | 0000 0000 | 0000 c5f8 | 7741 8b8f | 3405 0000 
  0x0000019614f34c20: f6c1 010f | 8442 0000 | 00f6 c102 | 0f85 3900 | 0000 4883 | ec20 40f6 | c40f 0f84 | 1900 0000 
  0x0000019614f34c40: 4883 ec08 | 48b8 c07b | c716 f97f | 0000 ffd0 | 4883 c408 | e90c 0000 | 0048 b8c0 | 7bc7 16f9 
  0x0000019614f34c60: 7f00 00ff | d048 83c4 | 20ff e049 | 8b8f e005 | 0000 4885 | c90f 8455 | 0000 008b | 899c 0000 
  0x0000019614f34c80: 0083 f901 | 0f85 4600 | 0000 498b | 8fe0 0500 | 008b 89a0 | 0000 0048 | 83ec 2040 | f6c4 0f0f 
  0x0000019614f34ca0: 8419 0000 | 0048 83ec | 0848 b8b0 | 7bc7 16f9 | 7f00 00ff | d048 83c4 | 08e9 0c00 | 0000 48b8 
  0x0000019614f34cc0: b07b c716 | f97f 0000 | ffd0 4883 | c420 ffe0 | 4983 7f08 | 000f 8405 | 0000 00e9 | 20c2 fdff 
  0x0000019614f34ce0: 4c8b 6dc0 | 4c8b 75c8 | 4e8d 74f5 | 00c3 488b | 4dd0 410f | b755 0148 | 8b49 306b | d218 488d 
  0x0000019614f34d00: 4c11 0848 | 8b19 488b | 5b08 488b | 5b08 488b | 5b18 80bb | 2001 0000 | 050f 840d | 0000 004c 
  0x0000019614f34d20: 3bbb 3001 | 0000 0f85 | 63fe ffff | 0fb6 5115 | 488b 194c | 896d c044 | 8bea 0fb6 | 5114 49ba 
  0x0000019614f34d40: 40c8 5117 | f97f 0000 | 498b 14d2 | 5241 8bd5 | 4c8b 6dc0 | 488b 45d8 | 4885 c00f | 8412 0000 
  0x0000019614f34d60: 0048 8340 | 0801 4883 | 5808 0048 | 83c0 1048 | 8945 d848 | 8b45 d848 | 85c0 0f84 | 3d01 0000 
  0x0000019614f34d80: 8078 f00a | 0f85 3301 | 0000 4883 | c008 4c8b | 68f8 4183 | ed00 4183 | fd02 0f8c | 1201 0000 
  0x0000019614f34da0: 4c8b 6b08 | 450f b76d | 2e4c 2b28 | 4183 ed01 | 4e8b 6cec | 084d 85ed | 750e f640 | 0801 7558 
  0x0000019614f34dc0: f048 8348 | 0801 eb50 | 458b 6d08 | 49ba 0000 | 0024 9601 | 0000 4d03 | ea4d 8bd5 | 4c33 6808 
  0x0000019614f34de0: 49f7 c5fc | ffff ff74 | 2f41 f6c5 | 0275 2948 | 8378 0800 | 741e 4883 | 7808 0174 | 174d 8bea 
  0x0000019614f34e00: 4c33 6808 | 49f7 c5fc | ffff ff74 | 0b48 8348 | 0802 eb04 | 4c89 6808 | 4883 c010 | 4c8b 68e8 
  0x0000019614f34e20: 4183 ed02 | 4183 fd02 | 0f8c 8400 | 0000 4c8b | 6b08 450f | b76d 2e4c | 2b28 4183 | ed01 4e8b 
  0x0000019614f34e40: 6cec 084d | 85ed 750e | f640 0801 | 7558 f048 | 8348 0801 | eb50 458b | 6d08 49ba | 0000 0024 
  0x0000019614f34e60: 9601 0000 | 4d03 ea4d | 8bd5 4c33 | 6808 49f7 | c5fc ffff | ff74 2f41 | f6c5 0275 | 2948 8378 
  0x0000019614f34e80: 0800 741e | 4883 7808 | 0174 174d | 8bea 4c33 | 6808 49f7 | c5fc ffff | ff74 0b48 | 8348 0802 
  0x0000019614f34ea0: eb04 4c89 | 6808 4883 | c010 4c8b | 68d8 4183 | ed04 41c1 | e503 4903 | c548 8945 | d84c 8d6c 
  0x0000019614f34ec0: 2408 498b | cd48 2bcd | 48c1 f903 | 4889 4df0 | 4180 bfe8 | 0500 0000 | 7403 ff63 | 38ff 6350 
[/MachCode]

---------------  P R O C E S S  ---------------

Threads class SMR info:
_java_thread_list=0x00000196731e13e0, length=27, elements={
0x0000019623ecb9e0, 0x0000019623ed2530, 0x0000019623ed5e50, 0x0000019623ed89c0,
0x0000019623ed9420, 0x0000019623ed9e80, 0x0000019623edac10, 0x00000196691287d0,
0x000001966936b5d0, 0x000001966948e3e0, 0x0000019669438280, 0x0000019669438910,
0x00000196694ce8c0, 0x000001966b542f40, 0x0000019671f83a30, 0x0000019671f7f200,
0x000001966cdb26d0, 0x000001966b7f6110, 0x000001966b7f67a0, 0x000001966b7f1250,
0x000001966b7f5a80, 0x0000019671f84750, 0x000001966a8a6b60, 0x000001966a8a92c0,
0x000001966a8ab390, 0x000001966a8a71f0, 0x000001966a8aa670
}

Java Threads: ( => current thread )
  0x0000019623ecb9e0 JavaThread "Reference Handler"          daemon [_thread_blocked, id=11704, stack(0x0000003ef3400000,0x0000003ef3500000) (1024K)]
  0x0000019623ed2530 JavaThread "Finalizer"                  daemon [_thread_blocked, id=680, stack(0x0000003ef3500000,0x0000003ef3600000) (1024K)]
  0x0000019623ed5e50 JavaThread "Signal Dispatcher"          daemon [_thread_blocked, id=14292, stack(0x0000003ef3600000,0x0000003ef3700000) (1024K)]
  0x0000019623ed89c0 JavaThread "Attach Listener"            daemon [_thread_blocked, id=13360, stack(0x0000003ef3700000,0x0000003ef3800000) (1024K)]
  0x0000019623ed9420 JavaThread "Service Thread"             daemon [_thread_blocked, id=9192, stack(0x0000003ef3800000,0x0000003ef3900000) (1024K)]
  0x0000019623ed9e80 JavaThread "Monitor Deflation Thread"   daemon [_thread_blocked, id=9412, stack(0x0000003ef3900000,0x0000003ef3a00000) (1024K)]
  0x0000019623edac10 JavaThread "C2 CompilerThread0"         daemon [_thread_blocked, id=7040, stack(0x0000003ef3a00000,0x0000003ef3b00000) (1024K)]
  0x00000196691287d0 JavaThread "C1 CompilerThread0"         daemon [_thread_blocked, id=10444, stack(0x0000003ef3b00000,0x0000003ef3c00000) (1024K)]
  0x000001966936b5d0 JavaThread "Common-Cleaner"             daemon [_thread_blocked, id=13916, stack(0x0000003ef3c00000,0x0000003ef3d00000) (1024K)]
  0x000001966948e3e0 JavaThread "JDWP Transport Listener: dt_socket" daemon [_thread_blocked, id=14304, stack(0x0000003ef3d00000,0x0000003ef3e00000) (1024K)]
  0x0000019669438280 JavaThread "JDWP Event Helper Thread"   daemon [_thread_blocked, id=10428, stack(0x0000003ef3e00000,0x0000003ef3f00000) (1024K)]
  0x0000019669438910 JavaThread "JDWP Command Reader"        daemon [_thread_blocked, id=12856, stack(0x0000003ef3f00000,0x0000003ef4000000) (1024K)]
  0x00000196694ce8c0 JavaThread "Notification Thread"        daemon [_thread_blocked, id=13872, stack(0x0000003ef4300000,0x0000003ef4400000) (1024K)]
  0x000001966b542f40 JavaThread "spectator-gauge-polling-0"  daemon [_thread_blocked, id=10180, stack(0x0000003ef5000000,0x0000003ef5100000) (1024K)]
  0x0000019671f83a30 JavaThread "DestroyJavaVM"                     [_thread_blocked, id=13056, stack(0x0000003ef2c00000,0x0000003ef2d00000) (1024K)]
  0x0000019671f7f200 JavaThread "boundedElastic-evictor-1"   daemon [_thread_blocked, id=12092, stack(0x0000003ef4500000,0x0000003ef4600000) (1024K)]
  0x000001966cdb26d0 JavaThread "pool-5-thread-1"            daemon [_thread_blocked, id=14456, stack(0x0000003ef4600000,0x0000003ef4700000) (1024K)]
  0x000001966b7f6110 JavaThread "pool-6-thread-1"            daemon [_thread_blocked, id=10796, stack(0x0000003ef2a00000,0x0000003ef2b00000) (1024K)]
  0x000001966b7f67a0 JavaThread "pool-7-thread-1"            daemon [_thread_blocked, id=11300, stack(0x0000003ef4400000,0x0000003ef4500000) (1024K)]
  0x000001966b7f1250 JavaThread "File Watcher"               daemon [_thread_blocked, id=6068, stack(0x0000003ef2b00000,0x0000003ef2c00000) (1024K)]
  0x000001966b7f5a80 JavaThread "File Watcher"               daemon [_thread_blocked, id=10000, stack(0x0000003ef4700000,0x0000003ef4800000) (1024K)]
  0x0000019671f84750 JavaThread "Thread-138"                        [_thread_blocked, id=14940, stack(0x0000003ef4f00000,0x0000003ef5000000) (1024K)]
=>0x000001966a8a6b60 JavaThread "restartedMain"                     [_thread_in_Java, id=11396, stack(0x0000003ef4900000,0x0000003ef4a00000) (1024K)]
  0x000001966a8a92c0 JavaThread "HikariPool-25 housekeeper"  daemon [_thread_blocked, id=14852, stack(0x0000003ef4800000,0x0000003ef4900000) (1024K)]
  0x000001966a8ab390 JavaThread "Catalina-utility-1"                [_thread_blocked, id=9872, stack(0x0000003ef4a00000,0x0000003ef4b00000) (1024K)]
  0x000001966a8a71f0 JavaThread "Catalina-utility-2"                [_thread_blocked, id=13692, stack(0x0000003ef4c00000,0x0000003ef4d00000) (1024K)]
  0x000001966a8aa670 JavaThread "container-2"                       [_thread_blocked, id=5228, stack(0x0000003ef4d00000,0x0000003ef4e00000) (1024K)]
Total: 27

Other Threads:
  0x0000019623eb1720 VMThread "VM Thread"                           [id=13260, stack(0x0000003ef3300000,0x0000003ef3400000) (1024K)] _threads_hazard_ptr=0x00000196731e13e0
  0x0000019623e99b50 WatcherThread "VM Periodic Task Thread"        [id=10416, stack(0x0000003ef3200000,0x0000003ef3300000) (1024K)]
  0x00000196057043b0 WorkerThread "GC Thread#0"                     [id=13928, stack(0x0000003ef2d00000,0x0000003ef2e00000) (1024K)]
  0x00000196698888a0 WorkerThread "GC Thread#1"                     [id=15180, stack(0x0000003ef4000000,0x0000003ef4100000) (1024K)]
  0x00000196694cf3b0 WorkerThread "GC Thread#2"                     [id=5036, stack(0x0000003ef4100000,0x0000003ef4200000) (1024K)]
  0x0000019669a60a00 WorkerThread "GC Thread#3"                     [id=12936, stack(0x0000003ef4200000,0x0000003ef4300000) (1024K)]
  0x0000019605711390 ConcurrentGCThread "G1 Main Marker"            [id=1572, stack(0x0000003ef2e00000,0x0000003ef2f00000) (1024K)]
  0x00000196036adfe0 WorkerThread "G1 Conc#0"                       [id=14780, stack(0x0000003ef2f00000,0x0000003ef3000000) (1024K)]
  0x0000019623d5c540 ConcurrentGCThread "G1 Refine#0"               [id=3808, stack(0x0000003ef3000000,0x0000003ef3100000) (1024K)]
  0x0000019623d5cf60 ConcurrentGCThread "G1 Service"                [id=9128, stack(0x0000003ef3100000,0x0000003ef3200000) (1024K)]
Total: 10

Threads with active compile tasks:
Total: 0

VM state: synchronizing (normal execution)

VM Mutex/Monitor currently owned by a thread:  ([mutex/lock_event])
[0x00007ff91750cb80] Threads_lock - owner thread: 0x0000019623eb1720

Heap address: 0x0000000700000000, size: 4096 MB, Compressed Oops mode: Zero based, Oop shift amount: 3

CDS archive(s) mapped at: [0x0000019624000000-0x0000019624c60000-0x0000019624c60000), size 12976128, SharedBaseAddress: 0x0000019624000000, ArchiveRelocationMode: 1.
Compressed class space mapped at: 0x0000019625000000-0x0000019665000000, reserved size: 1073741824
Narrow klass base: 0x0000019624000000, Narrow klass shift: 0, Narrow klass range: 0x41000000

GC Precious Log:
 CardTable entry size: 512
 Card Set container configuration: InlinePtr #cards 4 size 8 Array Of Cards #cards 16 size 48 Howl #buckets 8 coarsen threshold 3686 Howl Bitmap #cards 512 size 80 coarsen threshold 460 Card regions per heap region 1 cards per card region 4096
 CPUs: 4 total, 4 available
 Memory: 16383M
 Large Page Support: Disabled
 NUMA Support: Disabled
 Compressed Oops: Enabled (Zero based)
 Heap Region Size: 2M
 Heap Min Capacity: 8M
 Heap Initial Capacity: 256M
 Heap Max Capacity: 4G
 Pre-touch: Disabled
 Parallel Workers: 4
 Concurrent Workers: 1
 Concurrent Refinement Workers: 4
 Periodic GC: Disabled

Heap:
 garbage-first heap   total reserved 4194304K, committed 241664K, used 78811K [0x0000000700000000, 0x0000000800000000)
  region size 2048K, 6 young (12288K), 2 survivors (4096K)
 Metaspace       used 95112K, committed 96256K, reserved 1179648K
  class space    used 11843K, committed 12352K, reserved 1048576K

Heap Regions: E=young(eden), S=young(survivor), O=old, HS=humongous(starts), HC=humongous(continues), CS=collection set, F=free, TAMS=top-at-mark-start, PB=parsable bottom
|   0|0x0000000700000000, 0x0000000700200000, 0x0000000700200000|100%| O|  |TAMS 0x0000000700000000| PB 0x0000000700000000| Untracked |  0
|   1|0x0000000700200000, 0x00000007003ffff0, 0x0000000700400000| 99%| O|  |TAMS 0x0000000700200000| PB 0x0000000700200000| Untracked |  0
|   2|0x0000000700400000, 0x0000000700600000, 0x0000000700600000|100%| O|  |TAMS 0x0000000700400000| PB 0x0000000700400000| Untracked |  0
|   3|0x0000000700600000, 0x00000007007fff90, 0x0000000700800000| 99%| O|  |TAMS 0x0000000700600000| PB 0x0000000700600000| Untracked |  0
|   4|0x0000000700800000, 0x00000007009fffc8, 0x0000000700a00000| 99%| O|  |TAMS 0x0000000700800000| PB 0x0000000700800000| Untracked |  0
|   5|0x0000000700a00000, 0x0000000700bfffe8, 0x0000000700c00000| 99%| O|  |TAMS 0x0000000700a00000| PB 0x0000000700a00000| Untracked |  0
|   6|0x0000000700c00000, 0x0000000700e00000, 0x0000000700e00000|100%| O|  |TAMS 0x0000000700c00000| PB 0x0000000700c00000| Untracked |  0
|   7|0x0000000700e00000, 0x0000000701000000, 0x0000000701000000|100%| O|  |TAMS 0x0000000700e00000| PB 0x0000000700e00000| Untracked |  0
|   8|0x0000000701000000, 0x00000007011ffff0, 0x0000000701200000| 99%| O|  |TAMS 0x0000000701000000| PB 0x0000000701000000| Untracked |  0
|   9|0x0000000701200000, 0x00000007013fffd0, 0x0000000701400000| 99%| O|  |TAMS 0x0000000701200000| PB 0x0000000701200000| Untracked |  0
|  10|0x0000000701400000, 0x00000007015fffc8, 0x0000000701600000| 99%| O|  |TAMS 0x0000000701400000| PB 0x0000000701400000| Untracked |  0
|  11|0x0000000701600000, 0x00000007017fffa8, 0x0000000701800000| 99%| O|  |TAMS 0x0000000701600000| PB 0x0000000701600000| Untracked |  0
|  12|0x0000000701800000, 0x00000007019fffc0, 0x0000000701a00000| 99%| O|  |TAMS 0x0000000701800000| PB 0x0000000701800000| Untracked |  0
|  13|0x0000000701a00000, 0x0000000701bfffd0, 0x0000000701c00000| 99%| O|  |TAMS 0x0000000701a00000| PB 0x0000000701a00000| Untracked |  0
|  14|0x0000000701c00000, 0x0000000701e00000, 0x0000000701e00000|100%| O|  |TAMS 0x0000000701c00000| PB 0x0000000701c00000| Untracked |  0
|  15|0x0000000701e00000, 0x0000000702000000, 0x0000000702000000|100%| O|  |TAMS 0x0000000701e00000| PB 0x0000000701e00000| Untracked |  0
|  16|0x0000000702000000, 0x00000007021ffff8, 0x0000000702200000| 99%| O|  |TAMS 0x0000000702000000| PB 0x0000000702000000| Untracked |  0
|  17|0x0000000702200000, 0x0000000702357818, 0x0000000702400000| 67%| O|  |TAMS 0x0000000702200000| PB 0x0000000702200000| Untracked |  0
|  18|0x0000000702400000, 0x0000000702600000, 0x0000000702600000|100%| O|  |TAMS 0x0000000702400000| PB 0x0000000702400000| Untracked |  0
|  19|0x0000000702600000, 0x00000007027b90d0, 0x0000000702800000| 86%| O|  |TAMS 0x0000000702600000| PB 0x0000000702600000| Untracked |  0
|  20|0x0000000702800000, 0x0000000702944dc8, 0x0000000702a00000| 63%| O|  |TAMS 0x0000000702800000| PB 0x0000000702800000| Untracked |  0
|  21|0x0000000702a00000, 0x0000000702c00000, 0x0000000702c00000|100%| O|  |TAMS 0x0000000702a00000| PB 0x0000000702a00000| Untracked |  0
|  22|0x0000000702c00000, 0x0000000702e00000, 0x0000000702e00000|100%| O|  |TAMS 0x0000000702c00000| PB 0x0000000702c00000| Untracked |  0
|  23|0x0000000702e00000, 0x0000000703000000, 0x0000000703000000|100%| O|  |TAMS 0x0000000702e00000| PB 0x0000000702e00000| Untracked |  0
|  24|0x0000000703000000, 0x0000000703200000, 0x0000000703200000|100%| O|  |TAMS 0x0000000703000000| PB 0x0000000703000000| Untracked |  0
|  25|0x0000000703200000, 0x0000000703400000, 0x0000000703400000|100%| O|  |TAMS 0x0000000703200000| PB 0x0000000703200000| Untracked |  0
|  26|0x0000000703400000, 0x0000000703600000, 0x0000000703600000|100%| O|  |TAMS 0x0000000703400000| PB 0x0000000703400000| Untracked |  0
|  27|0x0000000703600000, 0x0000000703800000, 0x0000000703800000|100%| O|  |TAMS 0x0000000703600000| PB 0x0000000703600000| Untracked |  0
|  28|0x0000000703800000, 0x0000000703a00000, 0x0000000703a00000|100%| O|  |TAMS 0x0000000703800000| PB 0x0000000703800000| Untracked |  0
|  29|0x0000000703a00000, 0x0000000703c00000, 0x0000000703c00000|100%| O|  |TAMS 0x0000000703a00000| PB 0x0000000703a00000| Untracked |  0
|  30|0x0000000703c00000, 0x0000000703e00000, 0x0000000703e00000|100%| O|  |TAMS 0x0000000703c00000| PB 0x0000000703c00000| Untracked |  0
|  31|0x0000000703e00000, 0x0000000703ea4bc0, 0x0000000704000000| 32%| O|  |TAMS 0x0000000703e00000| PB 0x0000000703e00000| Untracked |  0
|  32|0x0000000704000000, 0x0000000704200000, 0x0000000704200000|100%| O|  |TAMS 0x0000000704000000| PB 0x0000000704000000| Untracked |  0
|  33|0x0000000704200000, 0x0000000704400000, 0x0000000704400000|100%| O|Cm|TAMS 0x0000000704200000| PB 0x0000000704200000| Complete |  0
|  34|0x0000000704400000, 0x0000000704400000, 0x0000000704600000|  0%| F|  |TAMS 0x0000000704400000| PB 0x0000000704400000| Untracked |  0
|  35|0x0000000704600000, 0x0000000704600000, 0x0000000704800000|  0%| F|  |TAMS 0x0000000704600000| PB 0x0000000704600000| Untracked |  0
|  36|0x0000000704800000, 0x0000000704a00000, 0x0000000704a00000|100%| O|  |TAMS 0x0000000704800000| PB 0x0000000704800000| Untracked |  0
|  37|0x0000000704a00000, 0x0000000704a00000, 0x0000000704c00000|  0%| F|  |TAMS 0x0000000704a00000| PB 0x0000000704a00000| Untracked |  0
|  38|0x0000000704c00000, 0x0000000704c00000, 0x0000000704e00000|  0%| F|  |TAMS 0x0000000704c00000| PB 0x0000000704c00000| Untracked |  0
|  39|0x0000000704e00000, 0x0000000704e00000, 0x0000000705000000|  0%| F|  |TAMS 0x0000000704e00000| PB 0x0000000704e00000| Untracked |  0
|  40|0x0000000705000000, 0x0000000705000000, 0x0000000705200000|  0%| F|  |TAMS 0x0000000705000000| PB 0x0000000705000000| Untracked |  0
|  41|0x0000000705200000, 0x0000000705200000, 0x0000000705400000|  0%| F|  |TAMS 0x0000000705200000| PB 0x0000000705200000| Untracked |  0
|  42|0x0000000705400000, 0x0000000705400000, 0x0000000705600000|  0%| F|  |TAMS 0x0000000705400000| PB 0x0000000705400000| Untracked |  0
|  43|0x0000000705600000, 0x0000000705600000, 0x0000000705800000|  0%| F|  |TAMS 0x0000000705600000| PB 0x0000000705600000| Untracked |  0
|  44|0x0000000705800000, 0x00000007059fcef0, 0x0000000705a00000| 99%| S|CS|TAMS 0x0000000705800000| PB 0x0000000705800000| Complete |  0
|  45|0x0000000705a00000, 0x0000000705c00000, 0x0000000705c00000|100%| S|CS|TAMS 0x0000000705a00000| PB 0x0000000705a00000| Complete |  0
|  46|0x0000000705c00000, 0x0000000705c00000, 0x0000000705e00000|  0%| F|  |TAMS 0x0000000705c00000| PB 0x0000000705c00000| Untracked |  0
|  47|0x0000000705e00000, 0x0000000705e00000, 0x0000000706000000|  0%| F|  |TAMS 0x0000000705e00000| PB 0x0000000705e00000| Untracked |  0
|  48|0x0000000706000000, 0x0000000706000000, 0x0000000706200000|  0%| F|  |TAMS 0x0000000706000000| PB 0x0000000706000000| Untracked |  0
|  49|0x0000000706200000, 0x0000000706200000, 0x0000000706400000|  0%| F|  |TAMS 0x0000000706200000| PB 0x0000000706200000| Untracked |  0
|  50|0x0000000706400000, 0x0000000706400000, 0x0000000706600000|  0%| F|  |TAMS 0x0000000706400000| PB 0x0000000706400000| Untracked |  0
|  51|0x0000000706600000, 0x0000000706600000, 0x0000000706800000|  0%| F|  |TAMS 0x0000000706600000| PB 0x0000000706600000| Untracked |  0
|  52|0x0000000706800000, 0x0000000706800000, 0x0000000706a00000|  0%| F|  |TAMS 0x0000000706800000| PB 0x0000000706800000| Untracked |  0
|  53|0x0000000706a00000, 0x0000000706a00000, 0x0000000706c00000|  0%| F|  |TAMS 0x0000000706a00000| PB 0x0000000706a00000| Untracked |  0
|  54|0x0000000706c00000, 0x0000000706c00000, 0x0000000706e00000|  0%| F|  |TAMS 0x0000000706c00000| PB 0x0000000706c00000| Untracked |  0
|  55|0x0000000706e00000, 0x0000000706e00000, 0x0000000707000000|  0%| F|  |TAMS 0x0000000706e00000| PB 0x0000000706e00000| Untracked |  0
|  56|0x0000000707000000, 0x0000000707000000, 0x0000000707200000|  0%| F|  |TAMS 0x0000000707000000| PB 0x0000000707000000| Untracked |  0
|  57|0x0000000707200000, 0x0000000707200000, 0x0000000707400000|  0%| F|  |TAMS 0x0000000707200000| PB 0x0000000707200000| Untracked |  0
|  58|0x0000000707400000, 0x0000000707400000, 0x0000000707600000|  0%| F|  |TAMS 0x0000000707400000| PB 0x0000000707400000| Untracked |  0
|  59|0x0000000707600000, 0x0000000707600000, 0x0000000707800000|  0%| F|  |TAMS 0x0000000707600000| PB 0x0000000707600000| Untracked |  0
|  60|0x0000000707800000, 0x0000000707800000, 0x0000000707a00000|  0%| F|  |TAMS 0x0000000707800000| PB 0x0000000707800000| Untracked |  0
|  61|0x0000000707a00000, 0x0000000707a00000, 0x0000000707c00000|  0%| F|  |TAMS 0x0000000707a00000| PB 0x0000000707a00000| Untracked |  0
|  62|0x0000000707c00000, 0x0000000707c00000, 0x0000000707e00000|  0%| F|  |TAMS 0x0000000707c00000| PB 0x0000000707c00000| Untracked |  0
|  63|0x0000000707e00000, 0x0000000707e00000, 0x0000000708000000|  0%| F|  |TAMS 0x0000000707e00000| PB 0x0000000707e00000| Untracked |  0
|  64|0x0000000708000000, 0x0000000708000000, 0x0000000708200000|  0%| F|  |TAMS 0x0000000708000000| PB 0x0000000708000000| Untracked |  0
|  65|0x0000000708200000, 0x0000000708200000, 0x0000000708400000|  0%| F|  |TAMS 0x0000000708200000| PB 0x0000000708200000| Untracked |  0
|  66|0x0000000708400000, 0x0000000708400000, 0x0000000708600000|  0%| F|  |TAMS 0x0000000708400000| PB 0x0000000708400000| Untracked |  0
|  67|0x0000000708600000, 0x0000000708600000, 0x0000000708800000|  0%| F|  |TAMS 0x0000000708600000| PB 0x0000000708600000| Untracked |  0
|  68|0x0000000708800000, 0x0000000708800000, 0x0000000708a00000|  0%| F|  |TAMS 0x0000000708800000| PB 0x0000000708800000| Untracked |  0
|  69|0x0000000708a00000, 0x0000000708a00000, 0x0000000708c00000|  0%| F|  |TAMS 0x0000000708a00000| PB 0x0000000708a00000| Untracked |  0
|  70|0x0000000708c00000, 0x0000000708c00000, 0x0000000708e00000|  0%| F|  |TAMS 0x0000000708c00000| PB 0x0000000708c00000| Untracked |  0
|  71|0x0000000708e00000, 0x0000000708e00000, 0x0000000709000000|  0%| F|  |TAMS 0x0000000708e00000| PB 0x0000000708e00000| Untracked |  0
|  72|0x0000000709000000, 0x0000000709000000, 0x0000000709200000|  0%| F|  |TAMS 0x0000000709000000| PB 0x0000000709000000| Untracked |  0
|  73|0x0000000709200000, 0x0000000709200000, 0x0000000709400000|  0%| F|  |TAMS 0x0000000709200000| PB 0x0000000709200000| Untracked |  0
|  74|0x0000000709400000, 0x0000000709400000, 0x0000000709600000|  0%| F|  |TAMS 0x0000000709400000| PB 0x0000000709400000| Untracked |  0
|  75|0x0000000709600000, 0x0000000709600000, 0x0000000709800000|  0%| F|  |TAMS 0x0000000709600000| PB 0x0000000709600000| Untracked |  0
|  76|0x0000000709800000, 0x0000000709800000, 0x0000000709a00000|  0%| F|  |TAMS 0x0000000709800000| PB 0x0000000709800000| Untracked |  0
|  77|0x0000000709a00000, 0x0000000709a00000, 0x0000000709c00000|  0%| F|  |TAMS 0x0000000709a00000| PB 0x0000000709a00000| Untracked |  0
|  78|0x0000000709c00000, 0x0000000709c00000, 0x0000000709e00000|  0%| F|  |TAMS 0x0000000709c00000| PB 0x0000000709c00000| Untracked |  0
|  79|0x0000000709e00000, 0x0000000709e00000, 0x000000070a000000|  0%| F|  |TAMS 0x0000000709e00000| PB 0x0000000709e00000| Untracked |  0
|  80|0x000000070a000000, 0x000000070a000000, 0x000000070a200000|  0%| F|  |TAMS 0x000000070a000000| PB 0x000000070a000000| Untracked |  0
|  81|0x000000070a200000, 0x000000070a200000, 0x000000070a400000|  0%| F|  |TAMS 0x000000070a200000| PB 0x000000070a200000| Untracked |  0
|  82|0x000000070a400000, 0x000000070a400000, 0x000000070a600000|  0%| F|  |TAMS 0x000000070a400000| PB 0x000000070a400000| Untracked |  0
|  83|0x000000070a600000, 0x000000070a600000, 0x000000070a800000|  0%| F|  |TAMS 0x000000070a600000| PB 0x000000070a600000| Untracked |  0
|  84|0x000000070a800000, 0x000000070a800000, 0x000000070aa00000|  0%| F|  |TAMS 0x000000070a800000| PB 0x000000070a800000| Untracked |  0
|  85|0x000000070aa00000, 0x000000070aa00000, 0x000000070ac00000|  0%| F|  |TAMS 0x000000070aa00000| PB 0x000000070aa00000| Untracked |  0
|  86|0x000000070ac00000, 0x000000070ac00000, 0x000000070ae00000|  0%| F|  |TAMS 0x000000070ac00000| PB 0x000000070ac00000| Untracked |  0
|  87|0x000000070ae00000, 0x000000070ae00000, 0x000000070b000000|  0%| F|  |TAMS 0x000000070ae00000| PB 0x000000070ae00000| Untracked |  0
|  88|0x000000070b000000, 0x000000070b000000, 0x000000070b200000|  0%| F|  |TAMS 0x000000070b000000| PB 0x000000070b000000| Untracked |  0
|  89|0x000000070b200000, 0x000000070b200000, 0x000000070b400000|  0%| F|  |TAMS 0x000000070b200000| PB 0x000000070b200000| Untracked |  0
|  90|0x000000070b400000, 0x000000070b400000, 0x000000070b600000|  0%| F|  |TAMS 0x000000070b400000| PB 0x000000070b400000| Untracked |  0
|  91|0x000000070b600000, 0x000000070b600000, 0x000000070b800000|  0%| F|  |TAMS 0x000000070b600000| PB 0x000000070b600000| Untracked |  0
|  92|0x000000070b800000, 0x000000070b800000, 0x000000070ba00000|  0%| F|  |TAMS 0x000000070b800000| PB 0x000000070b800000| Untracked |  0
|  93|0x000000070ba00000, 0x000000070ba00000, 0x000000070bc00000|  0%| F|  |TAMS 0x000000070ba00000| PB 0x000000070ba00000| Untracked |  0
|  94|0x000000070bc00000, 0x000000070bc00000, 0x000000070be00000|  0%| F|  |TAMS 0x000000070bc00000| PB 0x000000070bc00000| Untracked |  0
|  95|0x000000070be00000, 0x000000070be00000, 0x000000070c000000|  0%| F|  |TAMS 0x000000070be00000| PB 0x000000070be00000| Untracked |  0
|  96|0x000000070c000000, 0x000000070c000000, 0x000000070c200000|  0%| F|  |TAMS 0x000000070c000000| PB 0x000000070c000000| Untracked |  0
|  97|0x000000070c200000, 0x000000070c200000, 0x000000070c400000|  0%| F|  |TAMS 0x000000070c200000| PB 0x000000070c200000| Untracked |  0
|  98|0x000000070c400000, 0x000000070c400000, 0x000000070c600000|  0%| F|  |TAMS 0x000000070c400000| PB 0x000000070c400000| Untracked |  0
|  99|0x000000070c600000, 0x000000070c600000, 0x000000070c800000|  0%| F|  |TAMS 0x000000070c600000| PB 0x000000070c600000| Untracked |  0
| 100|0x000000070c800000, 0x000000070c800000, 0x000000070ca00000|  0%| F|  |TAMS 0x000000070c800000| PB 0x000000070c800000| Untracked |  0
| 101|0x000000070ca00000, 0x000000070ca00000, 0x000000070cc00000|  0%| F|  |TAMS 0x000000070ca00000| PB 0x000000070ca00000| Untracked |  0
| 102|0x000000070cc00000, 0x000000070cc00000, 0x000000070ce00000|  0%| F|  |TAMS 0x000000070cc00000| PB 0x000000070cc00000| Untracked |  0
| 103|0x000000070ce00000, 0x000000070ce00000, 0x000000070d000000|  0%| F|  |TAMS 0x000000070ce00000| PB 0x000000070ce00000| Untracked |  0
| 104|0x000000070d000000, 0x000000070d000000, 0x000000070d200000|  0%| F|  |TAMS 0x000000070d000000| PB 0x000000070d000000| Untracked |  0
| 105|0x000000070d200000, 0x000000070d200000, 0x000000070d400000|  0%| F|  |TAMS 0x000000070d200000| PB 0x000000070d200000| Untracked |  0
| 106|0x000000070d400000, 0x000000070d400000, 0x000000070d600000|  0%| F|  |TAMS 0x000000070d400000| PB 0x000000070d400000| Untracked |  0
| 107|0x000000070d600000, 0x000000070d600000, 0x000000070d800000|  0%| F|  |TAMS 0x000000070d600000| PB 0x000000070d600000| Untracked |  0
| 108|0x000000070d800000, 0x000000070d800000, 0x000000070da00000|  0%| F|  |TAMS 0x000000070d800000| PB 0x000000070d800000| Untracked |  0
| 109|0x000000070da00000, 0x000000070da00000, 0x000000070dc00000|  0%| F|  |TAMS 0x000000070da00000| PB 0x000000070da00000| Untracked |  0
| 110|0x000000070dc00000, 0x000000070dc00000, 0x000000070de00000|  0%| F|  |TAMS 0x000000070dc00000| PB 0x000000070dc00000| Untracked |  0
| 111|0x000000070de00000, 0x000000070de00000, 0x000000070e000000|  0%| F|  |TAMS 0x000000070de00000| PB 0x000000070de00000| Untracked |  0
| 112|0x000000070e000000, 0x000000070e000000, 0x000000070e200000|  0%| F|  |TAMS 0x000000070e000000| PB 0x000000070e000000| Untracked |  0
| 113|0x000000070e200000, 0x000000070e200000, 0x000000070e400000|  0%| F|  |TAMS 0x000000070e200000| PB 0x000000070e200000| Untracked |  0
| 114|0x000000070e400000, 0x000000070e4be7d8, 0x000000070e600000| 37%| E|  |TAMS 0x000000070e400000| PB 0x000000070e400000| Complete |  0
| 115|0x000000070e600000, 0x000000070e800000, 0x000000070e800000|100%| E|CS|TAMS 0x000000070e600000| PB 0x000000070e600000| Complete |  0
| 116|0x000000070e800000, 0x000000070ea00000, 0x000000070ea00000|100%| E|CS|TAMS 0x000000070e800000| PB 0x000000070e800000| Complete |  0
| 117|0x000000070ea00000, 0x000000070ec00000, 0x000000070ec00000|100%| E|CS|TAMS 0x000000070ea00000| PB 0x000000070ea00000| Complete |  0

Card table byte_map: [0x000001961d1e0000,0x000001961d9e0000] _byte_map_base: 0x00000196199e0000

Marking Bits: (CMBitMap*) 0x0000019605704ac0
 Bits: [0x000001961d9e0000, 0x00000196219e0000)

Polling page: 0x0000019603530000

Metaspace:

Usage:
  Non-class:     81.32 MB used.
      Class:     11.57 MB used.
       Both:     92.88 MB used.

Virtual space:
  Non-class space:      128.00 MB reserved,      81.94 MB ( 64%) committed,  2 nodes.
      Class space:        1.00 GB reserved,      12.06 MB (  1%) committed,  1 nodes.
             Both:        1.12 GB reserved,      94.00 MB (  8%) committed. 

Chunk freelists:
   Non-Class:  13.69 MB
       Class:  3.77 MB
        Both:  17.46 MB

MaxMetaspaceSize: unlimited
CompressedClassSpaceSize: 1.00 GB
Initial GC threshold: 21.00 MB
Current GC threshold: 156.50 MB
CDS: on
 - commit_granule_bytes: 65536.
 - commit_granule_words: 8192.
 - virtual_space_node_default_size: 8388608.
 - enlarge_chunks_in_place: 1.
 - use_allocation_guard: 0.


Internal statistics:

num_allocs_failed_limit: 3.
num_arena_births: 1328.
num_arena_deaths: 40.
num_vsnodes_births: 3.
num_vsnodes_deaths: 0.
num_space_committed: 1504.
num_space_uncommitted: 0.
num_chunks_returned_to_freelist: 46.
num_chunks_taken_from_freelist: 5037.
num_chunk_merges: 3.
num_chunk_splits: 3475.
num_chunks_enlarged: 2627.
num_inconsistent_stats: 0.

CodeHeap 'non-profiled nmethods': size=120000Kb used=12664Kb max_used=12664Kb free=107335Kb
 bounds [0x00000196154b0000, 0x0000019616110000, 0x000001961c9e0000]
CodeHeap 'profiled nmethods': size=120000Kb used=19896Kb max_used=19999Kb free=100103Kb
 bounds [0x000001960d9e0000, 0x000001960ed70000, 0x0000019614f10000]
CodeHeap 'non-nmethods': size=5760Kb used=1840Kb max_used=1921Kb free=3919Kb
 bounds [0x0000019614f10000, 0x0000019615180000, 0x00000196154b0000]
 total_blobs=11179 nmethods=10391 adapters=691
 compilation: enabled
              stopped_count=0, restarted_count=0
 full_count=0

Compilation events (20 events):
Event: 2827.412 Thread 0x00000196691287d0 19534       1       org.h2.engine.SessionLocal::getUser (5 bytes)
Event: 2827.412 Thread 0x00000196691287d0 nmethod 19534 0x000001961610da90 code [0x000001961610dc20, 0x000001961610dcf0]
Event: 2827.413 Thread 0x00000196691287d0 19535       3       org.h2.mvstore.RootReference::getTotalCount (14 bytes)
Event: 2827.414 Thread 0x00000196691287d0 nmethod 19535 0x000001960dd46910 code [0x000001960dd46ac0, 0x000001960dd46d28]
Event: 2827.414 Thread 0x00000196691287d0 19536       3       org.h2.value.ValueInteger::get (60 bytes)
Event: 2827.414 Thread 0x00000196691287d0 nmethod 19536 0x000001960e43c290 code [0x000001960e43c460, 0x000001960e43c9d0]
Event: 2827.414 Thread 0x00000196691287d0 19537       3       org.h2.mvstore.tx.TransactionStore::addUndoLogRecord (63 bytes)
Event: 2827.415 Thread 0x00000196691287d0 nmethod 19537 0x000001960de88090 code [0x000001960de88300, 0x000001960de89060]
Event: 2827.415 Thread 0x00000196691287d0 19538       3       org.h2.mvstore.tx.TransactionStore::getOperationId (74 bytes)
Event: 2827.416 Thread 0x00000196691287d0 nmethod 19538 0x000001960df84f10 code [0x000001960df85160, 0x000001960df85c20]
Event: 2827.416 Thread 0x00000196691287d0 19539   !   3       org.h2.mvstore.MVMap::notifyWaiters (37 bytes)
Event: 2827.416 Thread 0x00000196691287d0 nmethod 19539 0x000001960e01a210 code [0x000001960e01a3c0, 0x000001960e01a678]
Event: 2827.416 Thread 0x00000196691287d0 19540       1       org.springframework.orm.jpa.AbstractEntityManagerFactoryBean::getJpaVendorAdapter (5 bytes)
Event: 2827.417 Thread 0x00000196691287d0 nmethod 19540 0x000001961610dd90 code [0x000001961610df20, 0x000001961610dff0]
Event: 2827.426 Thread 0x00000196691287d0 19541       3       java.lang.module.ModuleDescriptor$Exports::hashCode (36 bytes)
Event: 2827.426 Thread 0x00000196691287d0 nmethod 19541 0x000001960e463490 code [0x000001960e463660, 0x000001960e463900]
Event: 2844.885 Thread 0x00000196691287d0 19542       3       com.netflix.discovery.shared.resolver.AsyncResolver$$Lambda/0x0000019625a129a8::applyAsDouble (9 bytes)
Event: 2844.887 Thread 0x00000196691287d0 nmethod 19542 0x000001960e370390 code [0x000001960e370560, 0x000001960e3709a0]
Event: 2844.887 Thread 0x00000196691287d0 19543       3       com.netflix.discovery.shared.resolver.AsyncResolver::getEndpointsSize (17 bytes)
Event: 2844.887 Thread 0x00000196691287d0 nmethod 19543 0x000001960e4d6c10 code [0x000001960e4d6dc0, 0x000001960e4d70b8]

GC Heap History (20 events):
Event: 2788.241 GC heap before
{Heap before GC invocations=249 (full 21):
 garbage-first heap   total reserved 4194304K, committed 151552K, used 129888K [0x0000000700000000, 0x0000000800000000)
  region size 2048K, 36 young (73728K), 4 survivors (8192K)
 Metaspace       used 94597K, committed 95808K, reserved 1179648K
  class space    used 11815K, committed 12352K, reserved 1048576K
}
Event: 2788.255 GC heap after
{Heap after GC invocations=250 (full 21):
 garbage-first heap   total reserved 4194304K, committed 151552K, used 69317K [0x0000000700000000, 0x0000000800000000)
  region size 2048K, 3 young (6144K), 3 survivors (6144K)
 Metaspace       used 94597K, committed 95808K, reserved 1179648K
  class space    used 11815K, committed 12352K, reserved 1048576K
}
Event: 2788.604 GC heap before
{Heap before GC invocations=251 (full 21):
 garbage-first heap   total reserved 4194304K, committed 151552K, used 130757K [0x0000000700000000, 0x0000000800000000)
  region size 2048K, 33 young (67584K), 3 survivors (6144K)
 Metaspace       used 94598K, committed 95808K, reserved 1179648K
  class space    used 11816K, committed 12352K, reserved 1048576K
}
Event: 2788.613 GC heap after
{Heap after GC invocations=252 (full 21):
 garbage-first heap   total reserved 4194304K, committed 151552K, used 71920K [0x0000000700000000, 0x0000000800000000)
  region size 2048K, 4 young (8192K), 4 survivors (8192K)
 Metaspace       used 94598K, committed 95808K, reserved 1179648K
  class space    used 11816K, committed 12352K, reserved 1048576K
}
Event: 2789.304 GC heap before
{Heap before GC invocations=252 (full 21):
 garbage-first heap   total reserved 4194304K, committed 151552K, used 129264K [0x0000000700000000, 0x0000000800000000)
  region size 2048K, 32 young (65536K), 4 survivors (8192K)
 Metaspace       used 94781K, committed 96000K, reserved 1179648K
  class space    used 11823K, committed 12352K, reserved 1048576K
}
Event: 2789.321 GC heap after
{Heap after GC invocations=253 (full 21):
 garbage-first heap   total reserved 4194304K, committed 204800K, used 72639K [0x0000000700000000, 0x0000000800000000)
  region size 2048K, 2 young (4096K), 2 survivors (4096K)
 Metaspace       used 94781K, committed 96000K, reserved 1179648K
  class space    used 11823K, committed 12352K, reserved 1048576K
}
Event: 2823.923 GC heap before
{Heap before GC invocations=253 (full 21):
 garbage-first heap   total reserved 4194304K, committed 204800K, used 175039K [0x0000000700000000, 0x0000000800000000)
  region size 2048K, 53 young (108544K), 2 survivors (4096K)
 Metaspace       used 94980K, committed 96128K, reserved 1179648K
  class space    used 11831K, committed 12352K, reserved 1048576K
}
Event: 2824.109 GC heap after
{Heap after GC invocations=254 (full 22):
 garbage-first heap   total reserved 4194304K, committed 151552K, used 41451K [0x0000000700000000, 0x0000000800000000)
  region size 2048K, 0 young (0K), 0 survivors (0K)
 Metaspace       used 94977K, committed 96128K, reserved 1179648K
  class space    used 11831K, committed 12352K, reserved 1048576K
}
Event: 2824.599 GC heap before
{Heap before GC invocations=254 (full 22):
 garbage-first heap   total reserved 4194304K, committed 151552K, used 127467K [0x0000000700000000, 0x0000000800000000)
  region size 2048K, 43 young (88064K), 0 survivors (0K)
 Metaspace       used 94982K, committed 96128K, reserved 1179648K
  class space    used 11831K, committed 12352K, reserved 1048576K
}
Event: 2824.611 GC heap after
{Heap after GC invocations=255 (full 22):
 garbage-first heap   total reserved 4194304K, committed 151552K, used 50491K [0x0000000700000000, 0x0000000800000000)
  region size 2048K, 5 young (10240K), 5 survivors (10240K)
 Metaspace       used 94982K, committed 96128K, reserved 1179648K
  class space    used 11831K, committed 12352K, reserved 1048576K
}
Event: 2825.177 GC heap before
{Heap before GC invocations=255 (full 22):
 garbage-first heap   total reserved 4194304K, committed 151552K, used 126267K [0x0000000700000000, 0x0000000800000000)
  region size 2048K, 42 young (86016K), 5 survivors (10240K)
 Metaspace       used 94982K, committed 96128K, reserved 1179648K
  class space    used 11831K, committed 12352K, reserved 1048576K
}
Event: 2825.198 GC heap after
{Heap after GC invocations=256 (full 22):
 garbage-first heap   total reserved 4194304K, committed 151552K, used 56763K [0x0000000700000000, 0x0000000800000000)
  region size 2048K, 4 young (8192K), 4 survivors (8192K)
 Metaspace       used 94982K, committed 96128K, reserved 1179648K
  class space    used 11831K, committed 12352K, reserved 1048576K
}
Event: 2825.959 GC heap before
{Heap before GC invocations=256 (full 22):
 garbage-first heap   total reserved 4194304K, committed 151552K, used 128443K [0x0000000700000000, 0x0000000800000000)
  region size 2048K, 39 young (79872K), 4 survivors (8192K)
 Metaspace       used 95002K, committed 96192K, reserved 1179648K
  class space    used 11835K, committed 12352K, reserved 1048576K
}
Event: 2825.979 GC heap after
{Heap after GC invocations=257 (full 22):
 garbage-first heap   total reserved 4194304K, committed 151552K, used 64228K [0x0000000700000000, 0x0000000800000000)
  region size 2048K, 4 young (8192K), 4 survivors (8192K)
 Metaspace       used 95002K, committed 96192K, reserved 1179648K
  class space    used 11835K, committed 12352K, reserved 1048576K
}
Event: 2826.265 GC heap before
{Heap before GC invocations=258 (full 22):
 garbage-first heap   total reserved 4194304K, committed 151552K, used 127716K [0x0000000700000000, 0x0000000800000000)
  region size 2048K, 35 young (71680K), 4 survivors (8192K)
 Metaspace       used 95002K, committed 96192K, reserved 1179648K
  class space    used 11835K, committed 12352K, reserved 1048576K
}
Event: 2826.280 GC heap after
{Heap after GC invocations=259 (full 22):
 garbage-first heap   total reserved 4194304K, committed 151552K, used 68685K [0x0000000700000000, 0x0000000800000000)
  region size 2048K, 3 young (6144K), 3 survivors (6144K)
 Metaspace       used 95002K, committed 96192K, reserved 1179648K
  class space    used 11835K, committed 12352K, reserved 1048576K
}
Event: 2826.682 GC heap before
{Heap before GC invocations=259 (full 22):
 garbage-first heap   total reserved 4194304K, committed 151552K, used 130125K [0x0000000700000000, 0x0000000800000000)
  region size 2048K, 33 young (67584K), 3 survivors (6144K)
 Metaspace       used 95003K, committed 96192K, reserved 1179648K
  class space    used 11835K, committed 12352K, reserved 1048576K
}
Event: 2826.691 GC heap after
{Heap after GC invocations=260 (full 22):
 garbage-first heap   total reserved 4194304K, committed 151552K, used 72116K [0x0000000700000000, 0x0000000800000000)
  region size 2048K, 4 young (8192K), 4 survivors (8192K)
 Metaspace       used 95003K, committed 96192K, reserved 1179648K
  class space    used 11835K, committed 12352K, reserved 1048576K
}
Event: 2827.312 GC heap before
{Heap before GC invocations=260 (full 22):
 garbage-first heap   total reserved 4194304K, committed 151552K, used 129460K [0x0000000700000000, 0x0000000800000000)
  region size 2048K, 32 young (65536K), 4 survivors (8192K)
 Metaspace       used 95020K, committed 96192K, reserved 1179648K
  class space    used 11837K, committed 12352K, reserved 1048576K
}
Event: 2827.327 GC heap after
{Heap after GC invocations=261 (full 22):
 garbage-first heap   total reserved 4194304K, committed 241664K, used 72667K [0x0000000700000000, 0x0000000800000000)
  region size 2048K, 2 young (4096K), 2 survivors (4096K)
 Metaspace       used 95020K, committed 96192K, reserved 1179648K
  class space    used 11837K, committed 12352K, reserved 1048576K
}

Dll operation events (14 events):
Event: 0.076 Loaded shared library C:\Program Files\Java\jdk-22\bin\java.dll
Event: 0.152 Loaded shared library C:\Program Files\Java\jdk-22\bin\jsvml.dll
Event: 0.558 Loaded shared library C:\Program Files\Java\jdk-22\bin\zip.dll
Event: 0.568 Loaded shared library C:\Program Files\Java\jdk-22\bin\instrument.dll
Event: 0.575 Loaded shared library C:\Program Files\Java\jdk-22\bin\net.dll
Event: 0.576 Loaded shared library C:\Program Files\Java\jdk-22\bin\nio.dll
Event: 0.581 Loaded shared library C:\Program Files\Java\jdk-22\bin\zip.dll
Event: 1.282 Loaded shared library C:\Program Files\Java\jdk-22\bin\jimage.dll
Event: 1.773 Loaded shared library C:\Program Files\Java\jdk-22\bin\verify.dll
Event: 2.806 Loaded shared library C:\Program Files\Java\jdk-22\bin\management.dll
Event: 2.809 Loaded shared library C:\Program Files\Java\jdk-22\bin\management_ext.dll
Event: 4.621 Loaded shared library C:\Program Files\Java\jdk-22\bin\le.dll
Event: 6.994 Loaded shared library C:\Program Files\Java\jdk-22\bin\sunmscapi.dll
Event: 31.822 Loaded shared library C:\Program Files\Java\jdk-22\bin\extnet.dll

Deoptimization events (20 events):
Event: 2827.432 Thread 0x000001966a8a6b60 DEOPT PACKING pc=0x0000019615922cd0 sp=0x0000003ef49fa3e0
Event: 2827.432 Thread 0x000001966a8a6b60 DEOPT UNPACKING pc=0x0000019614f646a2 sp=0x0000003ef49fa310 mode 2
Event: 2827.433 Thread 0x000001966a8a6b60 Uncommon trap: trap_request=0xffffff97 fr.pc=0x0000019615922cd0 relative=0x00000000000026b0
Event: 2827.433 Thread 0x000001966a8a6b60 Uncommon trap: reason=unhandled action=none pc=0x0000019615922cd0 method=java.net.URLClassLoader.findClass(Ljava/lang/String;)Ljava/lang/Class; @ 44 c2
Event: 2827.433 Thread 0x000001966a8a6b60 DEOPT PACKING pc=0x0000019615922cd0 sp=0x0000003ef49fd750
Event: 2827.433 Thread 0x000001966a8a6b60 DEOPT UNPACKING pc=0x0000019614f646a2 sp=0x0000003ef49fd680 mode 2
Event: 2842.727 Thread 0x000001966b542f40 DEOPT PACKING pc=0x000001960e57837c sp=0x0000003ef50ff280
Event: 2842.727 Thread 0x000001966b542f40 DEOPT UNPACKING pc=0x0000019614f64e42 sp=0x0000003ef50fe718 mode 1
Event: 2842.727 Thread 0x000001966b542f40 DEOPT PACKING pc=0x000001960e55d3dc sp=0x0000003ef50ff3b0
Event: 2842.727 Thread 0x000001966b542f40 DEOPT UNPACKING pc=0x0000019614f64e42 sp=0x0000003ef50fe840 mode 1
Event: 2842.727 Thread 0x000001966b542f40 DEOPT PACKING pc=0x000001960e4b4974 sp=0x0000003ef50ff3e0
Event: 2842.727 Thread 0x000001966b542f40 DEOPT UNPACKING pc=0x0000019614f64e42 sp=0x0000003ef50fe8a0 mode 1
Event: 2842.806 Thread 0x000001966b542f40 DEOPT PACKING pc=0x000001960e57837c sp=0x0000003ef50ff280
Event: 2842.806 Thread 0x000001966b542f40 DEOPT UNPACKING pc=0x0000019614f64e42 sp=0x0000003ef50fe718 mode 1
Event: 2842.806 Thread 0x000001966b542f40 DEOPT PACKING pc=0x000001960e55d3dc sp=0x0000003ef50ff3b0
Event: 2842.806 Thread 0x000001966b542f40 DEOPT UNPACKING pc=0x0000019614f64e42 sp=0x0000003ef50fe840 mode 1
Event: 2842.806 Thread 0x000001966b542f40 DEOPT PACKING pc=0x000001960e4b4974 sp=0x0000003ef50ff3e0
Event: 2842.806 Thread 0x000001966b542f40 DEOPT UNPACKING pc=0x0000019614f64e42 sp=0x0000003ef50fe8a0 mode 1
Event: 2857.061 Thread 0x000001966a8a6b60 DEOPT PACKING pc=0x0000019615ca230c sp=0x0000003ef49fdad0
Event: 2857.061 Thread 0x000001966a8a6b60 DEOPT UNPACKING pc=0x0000019614f64e42 sp=0x0000003ef49fcf58 mode 0

Classes loaded (20 events):
Event: 358.416 Loading class sun/net/www/MeteredStream done
Event: 358.416 Loading class sun/net/www/http/KeepAliveStream done
Event: 358.416 Loading class sun/net/www/http/KeepAliveStreamCleaner
Event: 358.417 Loading class sun/net/www/http/KeepAliveStreamCleaner done
Event: 358.429 Loading class sun/net/www/http/KeepAliveStreamCleaner$1
Event: 358.430 Loading class sun/net/www/http/KeepAliveStreamCleaner$1 done
Event: 358.430 Loading class sun/net/www/http/KeepAliveStreamCleaner$2
Event: 358.430 Loading class sun/net/www/http/KeepAliveStreamCleaner$2 done
Event: 1835.294 Loading class java/util/regex/Pattern$Behind
Event: 1835.294 Loading class java/util/regex/Pattern$Behind done
Event: 2409.923 Loading class javax/net/ssl/HttpsURLConnection
Event: 2409.926 Loading class javax/net/ssl/HttpsURLConnection done
Event: 2411.344 Loading class sun/net/www/http/ChunkedInputStream
Event: 2411.347 Loading class sun/net/www/http/ChunkedInputStream done
Event: 2445.228 Loading class java/util/regex/Pattern$Bound
Event: 2445.229 Loading class java/util/regex/Pattern$Bound done
Event: 2445.680 Loading class jdk/internal/math/FormattedFPDecimal
Event: 2445.681 Loading class jdk/internal/math/FormattedFPDecimal done
Event: 2700.748 Loading class jdk/internal/loader/BootLoader$PackageHelper
Event: 2700.751 Loading class jdk/internal/loader/BootLoader$PackageHelper done

Classes unloaded (20 events):
Event: 1624.486 Thread 0x0000019623eb1720 Unloading class 0x0000019625b58800 'org/apache/catalina/loader/JdbcLeakPrevention'
Event: 1654.349 Thread 0x0000019623eb1720 Unloading class 0x0000019625b5e000 'org/apache/catalina/loader/JdbcLeakPrevention'
Event: 1658.988 Thread 0x0000019623eb1720 Unloading class 0x0000019625b60800 'org/apache/catalina/loader/JdbcLeakPrevention'
Event: 1712.366 Thread 0x0000019623eb1720 Unloading class 0x0000019625b60800 'org/apache/catalina/loader/JdbcLeakPrevention'
Event: 1766.496 Thread 0x0000019623eb1720 Unloading class 0x0000019625b60800 'org/apache/catalina/loader/JdbcLeakPrevention'
Event: 1831.382 Thread 0x0000019623eb1720 Unloading class 0x0000019625b74c00 'org/apache/catalina/loader/JdbcLeakPrevention'
Event: 1949.695 Thread 0x0000019623eb1720 Unloading class 0x0000019625b7c000 'org/apache/catalina/loader/JdbcLeakPrevention'
Event: 1965.429 Thread 0x0000019623eb1720 Unloading class 0x0000019625b9c800 'org/apache/catalina/loader/JdbcLeakPrevention'
Event: 1993.073 Thread 0x0000019623eb1720 Unloading class 0x0000019625ba5000 'org/apache/catalina/loader/JdbcLeakPrevention'
Event: 2006.843 Thread 0x0000019623eb1720 Unloading class 0x0000019625bac000 'org/apache/catalina/loader/JdbcLeakPrevention'
Event: 2086.697 Thread 0x0000019623eb1720 Unloading class 0x0000019625bb4000 'org/apache/catalina/loader/JdbcLeakPrevention'
Event: 2130.267 Thread 0x0000019623eb1720 Unloading class 0x0000019625bbc000 'org/apache/catalina/loader/JdbcLeakPrevention'
Event: 2263.391 Thread 0x0000019623eb1720 Unloading class 0x0000019625bbe800 'org/apache/catalina/loader/JdbcLeakPrevention'
Event: 2272.625 Thread 0x0000019623eb1720 Unloading class 0x0000019625bcc000 'org/apache/catalina/loader/JdbcLeakPrevention'
Event: 2376.489 Thread 0x0000019623eb1720 Unloading class 0x0000019625bd4800 'org/apache/catalina/loader/JdbcLeakPrevention'
Event: 2695.821 Thread 0x0000019623eb1720 Unloading class 0x0000019625bda000 'org/apache/catalina/loader/JdbcLeakPrevention'
Event: 2776.793 Thread 0x0000019623eb1720 Unloading class 0x0000019625c24000 'org/apache/catalina/loader/JdbcLeakPrevention'
Event: 2776.793 Thread 0x0000019623eb1720 Unloading class 0x0000019625c12000 'org/apache/catalina/loader/JdbcLeakPrevention'
Event: 2786.175 Thread 0x0000019623eb1720 Unloading class 0x0000019625c26800 'org/apache/catalina/loader/JdbcLeakPrevention'
Event: 2823.983 Thread 0x0000019623eb1720 Unloading class 0x0000019625c30800 'org/apache/catalina/loader/JdbcLeakPrevention'

Classes redefined (10 events):
Event: 318.370 Thread 0x0000019623eb1720 redefined class name=com.controller.OrderController, count=1
Event: 1649.958 Thread 0x0000019623eb1720 redefined class name=com.service.ProductFeignService, count=1
Event: 1703.718 Thread 0x0000019623eb1720 redefined class name=com.service.ProductFeignService, count=2
Event: 1703.718 Thread 0x0000019623eb1720 redefined class name=com.service.ProductFeignService, count=1
Event: 1753.382 Thread 0x0000019623eb1720 redefined class name=com.service.ProductFeignService, count=1
Event: 1753.382 Thread 0x0000019623eb1720 redefined class name=com.service.ProductFeignService, count=3
Event: 1753.382 Thread 0x0000019623eb1720 redefined class name=com.service.ProductFeignService, count=2
Event: 1758.292 Thread 0x0000019623eb1720 redefined class name=com.service.ProductFeignService, count=2
Event: 1758.292 Thread 0x0000019623eb1720 redefined class name=com.service.ProductFeignService, count=4
Event: 1758.292 Thread 0x0000019623eb1720 redefined class name=com.service.ProductFeignService, count=3

Internal exceptions (20 events):
Event: 2788.895 Thread 0x000001966b7f6e30 Exception <a 'java/lang/NoClassDefFoundError'{0x0000000707883c00}: org/flywaydb/core/Flyway> (0x0000000707883c00) 
thrown [s\open\src\hotspot\share\oops\constantPool.cpp, line 872]
Event: 2788.900 Thread 0x000001966b7f6e30 Exception <a 'java/lang/NoClassDefFoundError'{0x0000000707884260}: liquibase/integration/spring/SpringLiquibase> (0x0000000707884260) 
thrown [s\open\src\hotspot\share\oops\constantPool.cpp, line 872]
Event: 2788.912 Thread 0x000001966b7f6e30 Exception <a 'java/lang/NoClassDefFoundError'{0x0000000707902e00}: org/jooq/DSLContext> (0x0000000707902e00) 
thrown [s\open\src\hotspot\share\oops\constantPool.cpp, line 872]
Event: 2788.916 Thread 0x000001966b7f6e30 Exception <a 'java/lang/NoClassDefFoundError'{0x00000007079136a8}: org/springframework/batch/core/repository/JobRepository> (0x00000007079136a8) 
thrown [s\open\src\hotspot\share\oops\constantPool.cpp, line 872]
Event: 2788.919 Thread 0x000001966b7f6e30 Exception <a 'java/lang/NoClassDefFoundError'{0x0000000707913d00}: org/quartz/Scheduler> (0x0000000707913d00) 
thrown [s\open\src\hotspot\share\oops\constantPool.cpp, line 872]
Event: 2788.922 Thread 0x000001966b7f6e30 Exception <a 'java/lang/NoClassDefFoundError'{0x0000000707914380}: org/springframework/session/jdbc/JdbcIndexedSessionRepository> (0x0000000707914380) 
thrown [s\open\src\hotspot\share\oops\constantPool.cpp, line 872]
Event: 2789.039 Thread 0x000001966b7f6e30 Exception <a 'java/io/FileNotFoundException'{0x0000000706cd94c8}> (0x0000000706cd94c8) 
thrown [s\open\src\hotspot\share\prims\jni.cpp, line 520]
Event: 2789.116 Thread 0x000001966b7f6e30 Exception <a 'java/io/FileNotFoundException'{0x00000007067dc2b8}> (0x00000007067dc2b8) 
thrown [s\open\src\hotspot\share\prims\jni.cpp, line 520]
Event: 2789.417 Thread 0x000001966b7f6e30 Exception <a 'java/net/BindException'{0x000000070c045e20}: Address already in use: bind> (0x000000070c045e20) 
thrown [s\open\src\hotspot\share\prims\jni.cpp, line 539]
Event: 2820.844 Thread 0x000001966a8a4a90 Exception <a 'java/lang/InterruptedException'{0x00000007067cc218}: sleep interrupted> (0x00000007067cc218) 
thrown [s\open\src\hotspot\share\prims\jvm.cpp, line 3093]
Event: 2823.922 Thread 0x000001966b7f46d0 Exception <a 'java/lang/InterruptedException'{0x00000007062fd968}: sleep interrupted> (0x00000007062fd968) 
thrown [s\open\src\hotspot\share\prims\jvm.cpp, line 3093]
Event: 2824.155 Thread 0x000001966a8a6b60 Exception <a 'sun/nio/fs/WindowsException'{0x00000007092bf728}> (0x00000007092bf728) 
thrown [s\open\src\hotspot\share\prims\jni.cpp, line 520]
Event: 2827.004 Thread 0x000001966a8a6b60 Exception <a 'java/lang/NoClassDefFoundError'{0x0000000707279ff8}: org/flywaydb/core/Flyway> (0x0000000707279ff8) 
thrown [s\open\src\hotspot\share\oops\constantPool.cpp, line 872]
Event: 2827.009 Thread 0x000001966a8a6b60 Exception <a 'java/lang/NoClassDefFoundError'{0x000000070727a658}: liquibase/integration/spring/SpringLiquibase> (0x000000070727a658) 
thrown [s\open\src\hotspot\share\oops\constantPool.cpp, line 872]
Event: 2827.018 Thread 0x000001966a8a6b60 Exception <a 'java/lang/NoClassDefFoundError'{0x00000007072f8fb0}: org/jooq/DSLContext> (0x00000007072f8fb0) 
thrown [s\open\src\hotspot\share\oops\constantPool.cpp, line 872]
Event: 2827.022 Thread 0x000001966a8a6b60 Exception <a 'java/lang/NoClassDefFoundError'{0x000000070730f178}: org/springframework/batch/core/repository/JobRepository> (0x000000070730f178) 
thrown [s\open\src\hotspot\share\oops\constantPool.cpp, line 872]
Event: 2827.027 Thread 0x000001966a8a6b60 Exception <a 'java/lang/NoClassDefFoundError'{0x000000070730f7d0}: org/quartz/Scheduler> (0x000000070730f7d0) 
thrown [s\open\src\hotspot\share\oops\constantPool.cpp, line 872]
Event: 2827.030 Thread 0x000001966a8a6b60 Exception <a 'java/lang/NoClassDefFoundError'{0x000000070730fe50}: org/springframework/session/jdbc/JdbcIndexedSessionRepository> (0x000000070730fe50) 
thrown [s\open\src\hotspot\share\oops\constantPool.cpp, line 872]
Event: 2827.180 Thread 0x000001966a8a6b60 Exception <a 'java/io/FileNotFoundException'{0x00000007066d6360}> (0x00000007066d6360) 
thrown [s\open\src\hotspot\share\prims\jni.cpp, line 520]
Event: 2827.251 Thread 0x000001966a8a6b60 Exception <a 'java/io/FileNotFoundException'{0x0000000705e25250}> (0x0000000705e25250) 
thrown [s\open\src\hotspot\share\prims\jni.cpp, line 520]

ZGC Phase Switch (0 events):
No events

VM Operations (20 events):
Event: 2857.595 Executing VM operation: get/set locals
Event: 2857.595 Executing VM operation: get/set locals done
Event: 2857.596 Executing VM operation: get/set locals
Event: 2857.596 Executing VM operation: get/set locals done
Event: 2857.597 Executing VM operation: get/set locals
Event: 2857.597 Executing VM operation: get/set locals done
Event: 2857.598 Executing VM operation: get/set locals
Event: 2857.598 Executing VM operation: get/set locals done
Event: 2857.598 Executing VM operation: get/set locals
Event: 2857.598 Executing VM operation: get/set locals done
Event: 2857.599 Executing VM operation: get/set locals
Event: 2857.599 Executing VM operation: get/set locals done
Event: 2857.607 Executing VM operation: get/set locals
Event: 2857.607 Executing VM operation: get/set locals done
Event: 2857.608 Executing VM operation: get/set locals
Event: 2857.608 Executing VM operation: get/set locals done
Event: 2857.609 Executing VM operation: get/set locals
Event: 2857.609 Executing VM operation: get/set locals done
Event: 2857.609 Executing VM operation: get/set locals
Event: 2857.610 Executing VM operation: get/set locals done

Memory protections (0 events):
No events

Nmethod flushes (20 events):
Event: 2826.126 Thread 0x0000019623eb1720 flushing  nmethod 0x000001960e0c9510
Event: 2826.126 Thread 0x0000019623eb1720 flushing  nmethod 0x000001960e463490
Event: 2826.126 Thread 0x0000019623eb1720 flushing  nmethod 0x000001960e4d6c10
Event: 2826.126 Thread 0x0000019623eb1720 flushing  nmethod 0x000001960e588090
Event: 2826.126 Thread 0x0000019623eb1720 flushing  nmethod 0x000001960e6b2d90
Event: 2826.126 Thread 0x0000019623eb1720 flushing  nmethod 0x000001960e6db710
Event: 2826.126 Thread 0x0000019623eb1720 flushing  nmethod 0x000001960dc0d810
Event: 2826.126 Thread 0x0000019623eb1720 flushing  nmethod 0x000001960dcfb490
Event: 2826.126 Thread 0x0000019623eb1720 flushing  nmethod 0x000001960ddbe510
Event: 2826.126 Thread 0x0000019623eb1720 flushing  nmethod 0x000001960ddc0190
Event: 2826.126 Thread 0x0000019623eb1720 flushing  nmethod 0x000001960df75290
Event: 2826.126 Thread 0x0000019623eb1720 flushing  nmethod 0x000001960e01a210
Event: 2826.126 Thread 0x0000019623eb1720 flushing  nmethod 0x000001960e1fe110
Event: 2826.126 Thread 0x0000019623eb1720 flushing  nmethod 0x000001960e2b6c10
Event: 2826.126 Thread 0x0000019623eb1720 flushing  nmethod 0x000001960e574b10
Event: 2827.542 Thread 0x0000019623eb1720 flushing  nmethod 0x000001960e229c10
Event: 2827.542 Thread 0x0000019623eb1720 flushing  nmethod 0x000001960dcc7590
Event: 2827.543 Thread 0x0000019623eb1720 flushing  nmethod 0x000001960e209790
Event: 2827.543 Thread 0x0000019623eb1720 flushing  nmethod 0x000001960ddea210
Event: 2827.543 Thread 0x0000019623eb1720 flushing  nmethod 0x000001960df2ad90

Events (20 events):
Event: 2823.894 Thread 0x000001966a8a9fe0 Thread exited: 0x000001966a8a9fe0
Event: 2823.894 Thread 0x000001966a8ab390 Thread exited: 0x000001966a8ab390
Event: 2823.896 Thread 0x000001966a8aa670 Thread exited: 0x000001966a8aa670
Event: 2823.915 Thread 0x000001966a8a9950 Thread exited: 0x000001966a8a9950
Event: 2823.922 Thread 0x000001966b7efea0 Thread exited: 0x000001966b7efea0
Event: 2823.923 Thread 0x000001966b7f46d0 Thread exited: 0x000001966b7f46d0
Event: 2824.110 Thread 0x0000019671f84750 Thread added: 0x000001966a8a92c0
Event: 2824.113 Thread 0x000001966a8a92c0 Thread exited: 0x000001966a8a92c0
Event: 2824.114 Thread 0x0000019671f84750 Thread added: 0x000001966a8a6b60
Event: 2824.122 Thread 0x000001966b7f1f70 Thread exited: 0x000001966b7f1f70
Event: 2824.195 Thread 0x000001966a8a6b60 Thread added: 0x000001966a8a7f10
Event: 2824.203 Thread 0x000001966a8a7f10 Thread exited: 0x000001966a8a7f10
Event: 2825.582 Thread 0x000001966a8a6b60 Thread added: 0x000001966a8aa670
Event: 2825.654 Thread 0x000001966a8aa670 Thread exited: 0x000001966a8aa670
Event: 2827.237 Thread 0x000001966a8a6b60 Thread added: 0x000001966a8a92c0
Event: 2827.252 Thread 0x000001966a8a6b60 Thread added: 0x000001966a8ab390
Event: 2827.252 Thread 0x000001966a8a6b60 Thread added: 0x000001966a8a71f0
Event: 2827.252 Thread 0x000001966a8a6b60 Thread added: 0x000001966a8aa670
Event: 2827.346 Thread 0x000001966a8a92c0 Thread added: 0x000001966a8a9950
Event: 2832.568 Thread 0x000001966a8a9950 Thread exited: 0x000001966a8a9950


Dynamic libraries:
0x00007ff7bc880000 - 0x00007ff7bc890000 	C:\Program Files\Java\jdk-22\bin\javaw.exe
0x00007ff959890000 - 0x00007ff959a88000 	C:\Windows\SYSTEM32\ntdll.dll
0x00007ff958390000 - 0x00007ff95844d000 	C:\Windows\System32\KERNEL32.DLL
0x00007ff956fe0000 - 0x00007ff9572d6000 	C:\Windows\System32\KERNELBASE.dll
0x00007ff957330000 - 0x00007ff957430000 	C:\Windows\System32\ucrtbase.dll
0x00007ff94c000000 - 0x00007ff94c017000 	C:\Program Files\Java\jdk-22\bin\jli.dll
0x00007ff959040000 - 0x00007ff9591de000 	C:\Windows\System32\USER32.dll
0x00007ff9578a0000 - 0x00007ff9578c2000 	C:\Windows\System32\win32u.dll
0x00007ff9578d0000 - 0x00007ff9578fb000 	C:\Windows\System32\GDI32.dll
0x00007ff957780000 - 0x00007ff957897000 	C:\Windows\System32\gdi32full.dll
0x00007ff9574e0000 - 0x00007ff95757d000 	C:\Windows\System32\msvcp_win.dll
0x00007ff949ef0000 - 0x00007ff949f0b000 	C:\Program Files\Java\jdk-22\bin\VCRUNTIME140.dll
0x00007ff941010000 - 0x00007ff9412aa000 	C:\Windows\WinSxS\amd64_microsoft.windows.common-controls_6595b64144ccf1df_6.0.19041.3636_none_60b6a03d71f818d5\COMCTL32.dll
0x00007ff958510000 - 0x00007ff9585ae000 	C:\Windows\System32\msvcrt.dll
0x00007ff958650000 - 0x00007ff958682000 	C:\Windows\System32\IMM32.DLL
0x00007ff950300000 - 0x00007ff95030c000 	C:\Program Files\Java\jdk-22\bin\vcruntime140_1.dll
0x00007ff9422b0000 - 0x00007ff94233e000 	C:\Program Files\Java\jdk-22\bin\msvcp140.dll
0x00007ff9168a0000 - 0x00007ff9175e9000 	C:\Program Files\Java\jdk-22\bin\server\jvm.dll
0x00007ff958450000 - 0x00007ff958503000 	C:\Windows\System32\ADVAPI32.dll
0x00007ff9591e0000 - 0x00007ff95927f000 	C:\Windows\System32\sechost.dll
0x00007ff9595e0000 - 0x00007ff959706000 	C:\Windows\System32\RPCRT4.dll
0x00007ff957580000 - 0x00007ff9575a7000 	C:\Windows\System32\bcrypt.dll
0x00007ff958fd0000 - 0x00007ff95903b000 	C:\Windows\System32\WS2_32.dll
0x00007ff956e30000 - 0x00007ff956e7b000 	C:\Windows\SYSTEM32\POWRPROF.dll
0x00007ff94ad20000 - 0x00007ff94ad47000 	C:\Windows\SYSTEM32\WINMM.dll
0x00007ff94b800000 - 0x00007ff94b80a000 	C:\Windows\SYSTEM32\VERSION.dll
0x00007ff956d90000 - 0x00007ff956da2000 	C:\Windows\SYSTEM32\UMPDC.dll
0x00007ff954de0000 - 0x00007ff954df2000 	C:\Windows\SYSTEM32\kernel.appcore.dll
0x00007ff949ee0000 - 0x00007ff949eea000 	C:\Program Files\Java\jdk-22\bin\jimage.dll
0x00007ff94ada0000 - 0x00007ff94af84000 	C:\Windows\SYSTEM32\DBGHELP.DLL
0x00007ff949f10000 - 0x00007ff949f44000 	C:\Windows\SYSTEM32\dbgcore.DLL
0x00007ff956f50000 - 0x00007ff956fd2000 	C:\Windows\System32\bcryptPrimitives.dll
0x00007ff93c900000 - 0x00007ff93c93c000 	C:\Program Files\Java\jdk-22\bin\jdwp.dll
0x00007ff947190000 - 0x00007ff94719f000 	C:\Program Files\Java\jdk-22\bin\instrument.dll
0x00007ff947690000 - 0x00007ff9476ae000 	C:\Program Files\Java\jdk-22\bin\java.dll
0x00007ff9587a0000 - 0x00007ff958ee5000 	C:\Windows\System32\SHELL32.dll
0x00007ff957ac0000 - 0x00007ff957beb000 	C:\Windows\System32\ole32.dll
0x00007ff959280000 - 0x00007ff9595d4000 	C:\Windows\System32\combase.dll
0x00007ff954fe0000 - 0x00007ff95577c000 	C:\Windows\SYSTEM32\windows.storage.dll
0x00007ff9567d0000 - 0x00007ff9567fe000 	C:\Windows\SYSTEM32\Wldp.dll
0x00007ff9582c0000 - 0x00007ff95838d000 	C:\Windows\System32\OLEAUT32.dll
0x00007ff9586f0000 - 0x00007ff95879d000 	C:\Windows\System32\SHCORE.dll
0x00007ff958060000 - 0x00007ff9580b5000 	C:\Windows\System32\shlwapi.dll
0x00007ff956e80000 - 0x00007ff956ea5000 	C:\Windows\SYSTEM32\profapi.dll
0x00007ff9223b0000 - 0x00007ff922487000 	C:\Program Files\Java\jdk-22\bin\jsvml.dll
0x00007ff941650000 - 0x00007ff94165c000 	C:\Program Files\Java\jdk-22\bin\dt_socket.dll
0x00007ff9562c0000 - 0x00007ff9562fb000 	C:\Windows\SYSTEM32\IPHLPAPI.DLL
0x00007ff9565b0000 - 0x00007ff95661a000 	C:\Windows\system32\mswsock.dll
0x00007ff956300000 - 0x00007ff9563cb000 	C:\Windows\SYSTEM32\DNSAPI.dll
0x00007ff9581d0000 - 0x00007ff9581d8000 	C:\Windows\System32\NSI.dll
0x00007ff94d040000 - 0x00007ff94d04a000 	C:\Windows\System32\rasadhlp.dll
0x00007ff94e840000 - 0x00007ff94e8c0000 	C:\Windows\System32\fwpuclnt.dll
0x00007ff944f90000 - 0x00007ff944fa7000 	C:\Program Files\Java\jdk-22\bin\zip.dll
0x00007ff947660000 - 0x00007ff947670000 	C:\Program Files\Java\jdk-22\bin\net.dll
0x00007ff9473e0000 - 0x00007ff9473f6000 	C:\Program Files\Java\jdk-22\bin\nio.dll
0x00007ff951720000 - 0x00007ff951730000 	C:\Program Files\Java\jdk-22\bin\verify.dll
0x00007ff94d260000 - 0x00007ff94d26a000 	C:\Program Files\Java\jdk-22\bin\management.dll
0x00007ff9478d0000 - 0x00007ff9478db000 	C:\Program Files\Java\jdk-22\bin\management_ext.dll
0x00007ff957900000 - 0x00007ff957908000 	C:\Windows\System32\PSAPI.DLL
0x00007ff947170000 - 0x00007ff94717b000 	C:\Program Files\Java\jdk-22\bin\le.dll
0x00007ff951710000 - 0x00007ff95171e000 	C:\Program Files\Java\jdk-22\bin\sunmscapi.dll
0x00007ff957620000 - 0x00007ff95777d000 	C:\Windows\System32\CRYPT32.dll
0x00007ff956840000 - 0x00007ff956868000 	C:\Windows\SYSTEM32\ncrypt.dll
0x00007ff956800000 - 0x00007ff95683b000 	C:\Windows\SYSTEM32\NTASN1.dll
0x00007ff956b60000 - 0x00007ff956b78000 	C:\Windows\SYSTEM32\CRYPTSP.dll
0x00007ff955f00000 - 0x00007ff955f34000 	C:\Windows\system32\rsaenh.dll
0x00007ff956df0000 - 0x00007ff956e1e000 	C:\Windows\SYSTEM32\USERENV.dll
0x00007ff956740000 - 0x00007ff95674c000 	C:\Windows\SYSTEM32\CRYPTBASE.dll
0x00007ff950310000 - 0x00007ff950319000 	C:\Program Files\Java\jdk-22\bin\extnet.dll
0x00007ff944480000 - 0x00007ff944487000 	C:\Windows\system32\wshunix.dll

dbghelp: loaded successfully - version: 4.0.5 - missing functions: none
symbol engine: initialized successfully - sym options: 0x614 - pdb path: .;C:\Program Files\Java\jdk-22\bin;C:\Windows\SYSTEM32;C:\Windows\WinSxS\amd64_microsoft.windows.common-controls_6595b64144ccf1df_6.0.19041.3636_none_60b6a03d71f818d5;C:\Program Files\Java\jdk-22\bin\server

VM Arguments:
jvm_args: -XX:+ShowCodeDetailsInExceptionMessages -agentlib:jdwp=transport=dt_socket,suspend=y,address=localhost:56537 -javaagent:C:\Users\Administrator\eclipse\jee-2024-06\eclipse\configuration\org.eclipse.osgi\448\0\.cp\lib\javaagent-shaded.jar -Dfile.encoding=UTF-8 -Dstdout.encoding=UTF-8 -Dstderr.encoding=UTF-8 
java_command: com.OrderServiceApplication
java_class_path (initial): C:\Users\Administrator\Documents\Assignement\Product_Order_Service\order-service\target\classes;C:\Users\Administrator\.m2\repository\org\springframework\boot\spring-boot-starter-data-redis\3.2.8\spring-boot-starter-data-redis-3.2.8.jar;C:\Users\Administrator\.m2\repository\org\springframework\boot\spring-boot-starter\3.2.8\spring-boot-starter-3.2.8.jar;C:\Users\Administrator\.m2\repository\org\springframework\boot\spring-boot-starter-logging\3.2.8\spring-boot-starter-logging-3.2.8.jar;C:\Users\Administrator\.m2\repository\ch\qos\logback\logback-classic\1.4.14\logback-classic-1.4.14.jar;C:\Users\Administrator\.m2\repository\ch\qos\logback\logback-core\1.4.14\logback-core-1.4.14.jar;C:\Users\Administrator\.m2\repository\org\apache\logging\log4j\log4j-to-slf4j\2.21.1\log4j-to-slf4j-2.21.1.jar;C:\Users\Administrator\.m2\repository\org\apache\logging\log4j\log4j-api\2.21.1\log4j-api-2.21.1.jar;C:\Users\Administrator\.m2\repository\org\slf4j\jul-to-slf4j\2.0.13\jul-to-slf4j-2.0.13.jar;C:\Users\Administrator\.m2\repository\jakarta\annotation\jakarta.annotation-api\2.1.1\jakarta.annotation-api-2.1.1.jar;C:\Users\Administrator\.m2\repository\org\yaml\snakeyaml\2.2\snakeyaml-2.2.jar;C:\Users\Administrator\.m2\repository\io\lettuce\lettuce-core\6.3.2.RELEASE\lettuce-core-6.3.2.RELEASE.jar;C:\Users\Administrator\.m2\repository\io\netty\netty-common\4.1.111.Final\netty-common-4.1.111.Final.jar;C:\Users\Administrator\.m2\repository\io\netty\netty-handler\4.1.111.Final\netty-handler-4.1.111.Final.jar;C:\Users\Administrator\.m2\repository\io\netty\netty-resolver\4.1.111.Final\netty-resolver-4.1.111.Final.jar;C:\Users\Administrator\.m2\repository\io\netty\netty-buffer\4.1.111.Final\netty-buffer-4.1.111.Final.jar;C:\Users\Administrator\.m2\repository\io\netty\netty-transport-native-unix-common\4.1.111.Final\netty-transport-native-unix-common-4.1.111.Final.jar;C:\Users\Administrator\.m2\repository\io\netty\netty-codec\4.1.111.Final\netty-codec-4.1.111.Final.jar;C:\Users\Administrator\.m2\repository\io\netty\netty-transport\4.1.111.Final\netty-transport-4.1.111.Final.jar;C:\Users\Administrator\.m2\repository\io\projectreactor\reactor-core\3.6.8\reactor-core-3.6.8.jar;C:\Users\Administrator\.m2\repository\org\reactivestreams\reactive-streams\1.0.4\reactive-streams-1.0.4.jar;C:\Users\Administrator\.m2\repository\org\springframework\data\spring-data-redis\3.2.8\spring-data-redis-3.2.8.jar;C:\Users\Administrator\.m2\repository\org\springframework\data\spring-data-keyvalue\3.2.8\spring-data-keyvalue-3.2.8.jar;C:\Users\Administrator\.m2\repository\org\springframework\spring-tx\6.1.11\spring-tx-6.1.11.jar;C:\Users\Administrator\.m2\repository\org\springframework\spring-oxm\6.1.11\spring-oxm-6.1.11.jar;C:\Users\Administrator\.m2\repository\org\springframework\spring-aop\6.1.11\spring-aop-6.1.11.jar;C:\Users\Administrator\.m2\repository\org\springframework\spring-context-support\6.1.11\spring-context-support-6.1.11.jar;C:\Users\Administrator\.m2\repository\org\slf4j\slf4j-api\2.0.13\slf4j-api-2.0.13.jar;C:\Users\Administrator\.m2\repository\org\springframework\boot\spring-boot-starter-web\3.2.8\spring-boot-starter-web-3.2.8.jar;C:\Users\Administrator\.m2\repository\org\springframework\boot\spring-boot-starter-json\3.2.8\spring-boot-starter-json-3.2.8.jar;C:\Users\Administrator\.m2\repository\com\fasterxml\jackson\core\jackson-databind\2.15.4\jackson-databind-2.15.4.jar;C:\Users\Administrator\.m2\repository\com\fasterxml\jackson\datatype\jackson-datatype-jdk8\2.15.4\jackson-datatype-jdk8-2.15.4.jar;C:\Users\Administrator\.m2\repository\com\fasterxml\jackson\datatype\jackson-datatype-jsr310\2.15.4\jackson-datatype-jsr310-2.15.4.jar;C:\Users\Administrator\.m2\repository\com\fasterxml\jackson\module\jackson-module-parameter-names\2.15.4\jackson-module-parameter-names-2.15.4.jar;C:\Users\Administrator\.m2\repository\org\springframework\boot\spring-boot-starter-tomcat\3.2.8\spring-boot-starter-tomcat-3.2.8.jar;C:\Users\Administrator\.m2\repository\org\apache\tomcat\embed\tomcat-embed-core\10.1.26\tomcat-embed-core-10.1.26.jar;C:\Users\Administrator\.m2\repository\org\apache\tomcat\embed\tomcat-embed-el\10.1.26\tomcat-embed-el-10.1.26.jar;C:\Users\Administrator\.m2\repository\org\apache\tomcat\embed\tomcat-embed-websocket\10.1.26\tomcat-embed-websocket-10.1.26.jar;C:\Users\Administrator\.m2\repository\org\springframework\spring-web\6.1.11\spring-web-6.1.11.jar;C:\Users\Administrator\.m2\repository\org\springframework\spring-beans\6.1.11\spring-beans-6.1.11.jar;C:\Users\Administrator\.m2\repository\io\micrometer\micrometer-observation\1.12.8\micrometer-observation-1.12.8.jar;C:\Users\Administrator\.m2\repository\io\micrometer\micrometer-commons\1.12.8\micrometer-commons-1.12.8.jar;C:\Users\Administrator\.m2\repository\org\springframework\spring-webmvc\6.1.11\spring-webmvc-6.1.11.jar;C:\Users\Administrator\.m2\repository\org\springframework\spring-context\6.1.11\spring-context-6.1.11.jar;C:\Users\Administrator\.m2\repository\org\springframework\spring-expression\6.1.11\spring-expression-6.1.11.jar;C:\Users\Administrator\.m2\repository\org\springframework\boot\spring-boot-devtools\3.2.8\spring-boot-devtools-3.2.8.jar;C:\Users\Administrator\.m2\repository\org\springframework\boot\spring-boot\3.2.8\spring-boot-3.2.8.jar;C:\Users\Administrator\.m2\repository\org\springframework\boot\spring-boot-autoconfigure\3.2.8\spring-boot-autoconfigure-3.2.8.jar;C:\Users\Administrator\.m2\repository\org\springframework\cloud\spring-cloud-starter-netflix-eureka-client\4.1.3\spring-cloud-starter-netflix-eureka-client-4.1.3.jar;C:\Users\Administrator\.m2\repository\org\springframework\cloud\spring-cloud-starter\4.1.4\spring-cloud-starter-4.1.4.jar;C:\Users\Administrator\.m2\repository\org\springframework\cloud\spring-cloud-context\4.1.4\spring-cloud-context-4.1.4.jar;C:\Users\Administrator\.m2\repository\org\springframework\security\spring-security-rsa\1.1.3\spring-security-rsa-1.1.3.jar;C:\Users\Administrator\.m2\repository\org\bouncycastle\bcprov-jdk18on\1.78\bcprov-jdk18on-1.78.jar;C:\Users\Administrator\.m2\repository\org\springframework\cloud\spring-cloud-netflix-eureka-client\4.1.3\spring-cloud-netflix-eureka-client-4.1.3.jar;C:\Users\Administrator\.m2\repository\org\apache\httpcomponents\client5\httpclient5\5.2.3\httpclient5-5.2.3.jar;C:\Users\Administrator\.m2\repository\org\apache\httpcomponents\core5\httpcore5\5.2.5\httpcore5-5.2.5.jar;C:\Users\Administrator\.m2\repository\org\apache\httpcomponents\core5\httpcore5-h2\5.2.5\httpcore5-h2-5.2.5.jar;C:\Users\Administrator\.m2\repository\com\netflix\eureka\eureka-client\2.0.3\eureka-client-2.0.3.jar;C:\Users\Administrator\.m2\repository\com\thoughtworks\xstream\xstream\1.4.20\xstream-1.4.20.jar;C:\Users\Administrator\.m2\repository\io\github\x-stream\mxparser\1.2.2\mxparser-1.2.2.jar;C:\Users\Administrator\.m2\repository\xmlpull\xmlpull\1.1.3.1\xmlpull-1.1.3.1.jar;C:\Users\Administrator\.m2\repository\jakarta\ws\rs\jakarta.ws.rs-api\3.1.0\jakarta.ws.rs-api-3.1.0.jar;C:\Users\Administrator\.m2\repository\jakarta\inject\jakarta.inject-api\2.0.1\jakarta.inject-api-2.0.1.jar;C:\Users\Administrator\.m2\repository\com\netflix\spectator\spectator-api\1.7.3\spectator-api-1.7.3.jar;C:\Users\Administrator\.m2\repository\org\apache\httpcomponents\httpclient\4.5.3\httpclient-4.5.3.jar;C:\Users\Administrator\.m2\repository\org\apache\httpcomponents\httpcore\4.4.16\httpcore-4.4.16.jar;C:\Users\Administrator\.m2\repository\commons-codec\commons-codec\1.16.1\commons-codec-1.16.1.jar;C:\Users\Administrator\.m2\repository\commons-configuration\commons-configuration\1.10\commons-configuration-1.10.jar;C:\Users\Administrator\.m2\repository\commons-lang\commons-lang\2.6\commons-lang-2.6.jar;C:\Users\Administrator\.m2\repository\com\fasterxml\jackson\core\jackson-annotations\2.15.4\jackson-annotations-2.15.4.jar;C:\Users\Administrator\.m2\repository\com\fasterxml\jackson\core\jackson-core\2.15.4\jackson-core-2.15.4.jar;C:\Users\Administrator\.m2\repository\com\netflix\netflix-commons\netflix-eventbus\0.3.0\netflix-eventbus-0.3.0.jar;C:\Users\Administrator\.m2\repository\com\netflix\netflix-commons\netflix-infix\0.3.0\netflix-infix-0.3.0.jar;C:\Users\Administrator\.m2\repository\commons-jxpath\commons-jxpath\1.3\commons-jxpath-1.3.jar;C:\Users\Administrator\.m2\repository\joda-time\joda-time\2.3\joda-time-2.3.jar;C:\Users\Administrator\.m2\repository\org\antlr\antlr-runtime\3.4\antlr-runtime-3.4.jar;C:\Users\Administrator\.m2\repository\org\antlr\stringtemplate\3.2.1\stringtemplate-3.2.1.jar;C:\Users\Administrator\.m2\repository\antlr\antlr\2.7.7\antlr-2.7.7.jar;C:\Users\Administrator\.m2\repository\com\google\code\gson\gson\2.10.1\gson-2.10.1.jar;C:\Users\Administrator\.m2\repository\com\netflix\servo\servo-core\0.5.3\servo-core-0.5.3.jar;C:\Users\Administrator\.m2\repository\org\apache\commons\commons-math\2.2\commons-math-2.2.jar;C:\Users\Administrator\.m2\repository\javax\annotation\javax.annotation-api\1.2\javax.annotation-api-1.2.jar;C:\Users\Administrator\.m2\repository\org\codehaus\jettison\jettison\1.5.4\jettison-1.5.4.jar;C:\Users\Administrator\.m2\repository\com\netflix\eureka\eureka-core\2.0.3\eureka-core-2.0.3.jar;C:\Users\Administrator\.m2\repository\com\fasterxml\woodstox\woodstox-core\6.2.1\woodstox-core-6.2.1.jar;C:\Users\Administrator\.m2\repository\org\codehaus\woodstox\stax2-api\4.2.1\stax2-api-4.2.1.jar;C:\Users\Administrator\.m2\repository\com\google\guava\guava\33.0.0-jre\guava-33.0.0-jre.jar;C:\Users\Administrator\.m2\repository\com\google\guava\failureaccess\1.0.2\failureaccess-1.0.2.jar;C:\Users\Administrator\.m2\repository\com\google\guava\listenablefuture\9999.0-empty-to-avoid-conflict-with-guava\listenablefuture-9999.0-empty-to-avoid-conflict-with-guava.jar;C:\Users\Administrator\.m2\repository\org\checkerframework\checker-qual\3.41.0\checker-qual-3.41.0.jar;C:\Users\Administrator\.m2\repository\com\google\errorprone\error_prone_annotations\2.23.0\error_prone_annotations-2.23.0.jar;C:\Users\Administrator\.m2\repository\com\google\j2objc\j2objc-annotations\2.8\j2objc-annotations-2.8.jar;C:\Users\Administrator\.m2\repository\org\springframework\cloud\spring-cloud-starter-loadbalancer\4.1.4\spring-cloud-starter-loadbalancer-4.1.4.jar;C:\Users\Administrator\.m2\repository\org\springframework\cloud\spring-cloud-loadbalancer\4.1.4\spring-cloud-loadbalancer-4.1.4.jar;C:\Users\Administrator\.m2\repository\io\projectreactor\addons\reactor-extra\3.5.1\reactor-extra-3.5.1.jar;C:\Users\Administrator\.m2\repository\org\springframework\boot\spring-boot-starter-cache\3.2.8\spring-boot-starter-cache-3.2.8.jar;C:\Users\Administrator\.m2\repository\com\stoyanr\evictor\1.0.0\evictor-1.0.0.jar;C:\Users\Administrator\.m2\repository\org\springframework\boot\spring-boot-starter-data-jpa\3.2.8\spring-boot-starter-data-jpa-3.2.8.jar;C:\Users\Administrator\.m2\repository\org\springframework\boot\spring-boot-starter-aop\3.2.8\spring-boot-starter-aop-3.2.8.jar;C:\Users\Administrator\.m2\repository\org\aspectj\aspectjweaver\1.9.22.1\aspectjweaver-1.9.22.1.jar;C:\Users\Administrator\.m2\repository\org\springframework\boot\spring-boot-starter-jdbc\3.2.8\spring-boot-starter-jdbc-3.2.8.jar;C:\Users\Administrator\.m2\repository\com\zaxxer\HikariCP\5.0.1\HikariCP-5.0.1.jar;C:\Users\Administrator\.m2\repository\org\springframework\spring-jdbc\6.1.11\spring-jdbc-6.1.11.jar;C:\Users\Administrator\.m2\repository\org\hibernate\orm\hibernate-core\6.4.9.Final\hibernate-core-6.4.9.Final.jar;C:\Users\Administrator\.m2\repository\jakarta\persistence\jakarta.persistence-api\3.1.0\jakarta.persistence-api-3.1.0.jar;C:\Users\Administrator\.m2\repository\jakarta\transaction\jakarta.transaction-api\2.0.1\jakarta.transaction-api-2.0.1.jar;C:\Users\Administrator\.m2\repository\org\jboss\logging\jboss-logging\3.5.3.Final\jboss-logging-3.5.3.Final.jar;C:\Users\Administrator\.m2\repository\org\hibernate\common\hibernate-commons-annotations\6.0.6.Final\hibernate-commons-annotations-6.0.6.Final.jar;C:\Users\Administrator\.m2\repository\io\smallrye\jandex\3.1.2\jandex-3.1.2.jar;C:\Users\Administrator\.m2\repository\com\fasterxml\classmate\1.6.0\classmate-1.6.0.jar;C:\Users\Administrator\.m2\repository\net\bytebuddy\byte-buddy\1.14.18\byte-buddy-1.14.18.jar;C:\Users\Administrator\.m2\repository\org\glassfish\jaxb\jaxb-runtime\4.0.5\jaxb-runtime-4.0.5.jar;C:\Users\Administrator\.m2\repository\org\glassfish\jaxb\jaxb-core\4.0.5\jaxb-core-4.0.5.jar;C:\Users\Administrator\.m2\repository\org\eclipse\angus\angus-activation\2.0.2\angus-activation-2.0.2.jar;C:\Users\Administrator\.m2\repository\org\glassfish\jaxb\txw2\4.0.5\txw2-4.0.5.jar;C:\Users\Administrator\.m2\repository\com\sun\istack\istack-commons-runtime\4.1.2\istack-commons-runtime-4.1.2.jar;C:\Users\Administrator\.m2\repository\org\antlr\antlr4-runtime\4.13.0\antlr4-runtime-4.13.0.jar;C:\Users\Administrator\.m2\repository\org\springframework\data\spring-data-jpa\3.2.8\spring-data-jpa-3.2.8.jar;C:\Users\Administrator\.m2\repository\org\springframework\data\spring-data-commons\3.2.8\spring-data-commons-3.2.8.jar;C:\Users\Administrator\.m2\repository\org\springframework\spring-orm\6.1.11\spring-orm-6.1.11.jar;C:\Users\Administrator\.m2\repository\org\springframework\spring-aspects\6.1.11\spring-aspects-6.1.11.jar;C:\Users\Administrator\.m2\repository\org\springframework\cloud\spring-cloud-starter-openfeign\4.1.3\spring-cloud-starter-openfeign-4.1.3.jar;C:\Users\Administrator\.m2\repository\org\springframework\cloud\spring-cloud-openfeign-core\4.1.3\spring-cloud-openfeign-core-4.1.3.jar;C:\Users\Administrator\.m2\repository\io\github\openfeign\form\feign-form-spring\3.8.0\feign-form-spring-3.8.0.jar;C:\Users\Administrator\.m2\repository\io\github\openfeign\form\feign-form\3.8.0\feign-form-3.8.0.jar;C:\Users\Administrator\.m2\repository\commons-fileupload\commons-fileupload\1.5\commons-fileupload-1.5.jar;C:\Users\Administrator\.m2\repository\commons-io\commons-io\2.11.0\commons-io-2.11.0.jar;C:\Users\Administrator\.m2\repository\org\springframework\cloud\spring-cloud-commons\4.1.4\spring-cloud-commons-4.1.4.jar;C:\Users\Administrator\.m2\repository\org\springframework\security\spring-security-crypto\6.2.5\spring-security-crypto-6.2.5.jar;C:\Users\Administrator\.m2\repository\io\github\openfeign\feign-core\13.3\feign-core-13.3.jar;C:\Users\Administrator\.m2\repository\io\github\openfeign\feign-slf4j\13.3\feign-slf4j-13.3.jar;C:\Users\Administrator\.m2\repository\jakarta\xml\bind\jakarta.xml.bind-api\4.0.2\jakarta.xml.bind-api-4.0.2.jar;C:\Users\Administrator\.m2\repository\jakarta\activation\jakarta.activation-api\2.1.3\jakarta.activation-api-2.1.3.jar;C:\Users\Administrator\.m2\repository\org\springframework\spring-core\6.1.11\spring-core-6.1.11.jar;C:\Users\Administrator\.m2\repository\org\springframework\spring-jcl\6.1.11\spring-jcl-6.1.11.jar;C:\Users\Administrator\.m2\repository\com\h2database\h2\2.2.224\h2-2.2.224.jar
Launcher Type: SUN_STANDARD

[Global flags]
     intx CICompilerCount                          = 3                                         {product} {ergonomic}
     uint ConcGCThreads                            = 1                                         {product} {ergonomic}
     uint G1ConcRefinementThreads                  = 4                                         {product} {ergonomic}
   size_t G1HeapRegionSize                         = 2097152                                   {product} {ergonomic}
   size_t InitialHeapSize                          = 268435456                                 {product} {ergonomic}
   size_t MarkStackSize                            = 4194304                                   {product} {ergonomic}
   size_t MaxHeapSize                              = 4294967296                                {product} {ergonomic}
   size_t MaxNewSize                               = 2575302656                                {product} {ergonomic}
   size_t MinHeapDeltaBytes                        = 2097152                                   {product} {ergonomic}
   size_t MinHeapSize                              = 8388608                                   {product} {ergonomic}
    uintx NonNMethodCodeHeapSize                   = 5832780                                {pd product} {ergonomic}
    uintx NonProfiledCodeHeapSize                  = 122912730                              {pd product} {ergonomic}
    uintx ProfiledCodeHeapSize                     = 122912730                              {pd product} {ergonomic}
    uintx ReservedCodeCacheSize                    = 251658240                              {pd product} {ergonomic}
     bool SegmentedCodeCache                       = true                                      {product} {ergonomic}
     bool ShowCodeDetailsInExceptionMessages       = true                                   {manageable} {command line}
   size_t SoftMaxHeapSize                          = 4294967296                             {manageable} {ergonomic}
     bool UseCompressedOops                        = true                           {product lp64_product} {ergonomic}
     bool UseG1GC                                  = true                                      {product} {ergonomic}
     bool UseLargePagesIndividualAllocation        = false                                  {pd product} {ergonomic}

Logging:
Log output configuration:
 #0: stdout all=warning uptime,level,tags foldmultilines=false
 #1: stderr all=off uptime,level,tags foldmultilines=false

Environment Variables:
JAVA_HOME=C:\Program Files\Java\jdk-22
PATH=C:/Program Files/Java/jdk-22/bin/server;C:/Program Files/Java/jdk-22/bin;C:\Windows\system32;C:\Windows;C:\Windows\System32\Wbem;C:\Windows\System32\WindowsPowerShell\v1.0\;C:\Windows\System32\OpenSSH\;C:\Program Files\PuTTY\;C:\Program Files\Java\jdk-22\bin;C:\Program Files\Git\cmd;C:\kafka_2.12-3.6.0\bin;;C:\Program Files\Docker\Docker\resources\bin;C:\Program Files\MySQL\MySQL Shell 8.0\bin\;C:\Users\Administrator\AppData\Local\Microsoft\WindowsApps;C:\Program Files\Java\jdk-22\bin;C:\Program Files\apache-maven-3.9.8\bin;;C:\Users\Administrator\Desktop;
USERNAME=Administrator
OS=Windows_NT
PROCESSOR_IDENTIFIER=Intel64 Family 6 Model 79 Stepping 1, GenuineIntel
TMP=C:\Users\ADMINI~1\AppData\Local\Temp
TEMP=C:\Users\ADMINI~1\AppData\Local\Temp




Periodic native trim disabled

---------------  S Y S T E M  ---------------

OS:
 Windows 10 , 64 bit Build 19041 (10.0.19041.3636)
OS uptime: 8 days 12:15 hours
Hyper-V role detected

CPU: total 4 (initial active 4) (2 cores per cpu, 1 threads per core) family 6 model 79 stepping 1 microcode 0xb00003e, cx8, cmov, fxsr, mmx, 3dnowpref, sse, sse2, sse3, ssse3, sse4.1, sse4.2, popcnt, lzcnt, tsc, tscinvbit, avx, avx2, aes, erms, clmul, bmi1, bmi2, adx, fma, vzeroupper, clflush, hv, rdtscp, f16c
Processor Information for all 4 processors :
  Max Mhz: 2100, Current Mhz: 2100, Mhz Limit: 2100

Memory: 4k page, system-wide physical 16383M (276M free)
TotalPageFile size 23692M (AvailPageFile size 3768M)
current process WorkingSet (physical memory assigned to process): 445M, peak: 533M
current process commit charge ("private bytes"): 555M, peak: 571M

vm_info: Java HotSpot(TM) 64-Bit Server VM (22.0.2+9-70) for windows-amd64 JRE (22.0.2+9-70), built on 2024-06-04T16:52:23Z by "mach5one" with MS VC++ 17.6 (VS2022)

END.
